0 verbose cli /opt/homebrew/Cellar/node/25.8.0/bin/node /opt/homebrew/bin/npm
1 info using npm@11.11.0
2 info using node@v25.8.0
3 silly config load:file:/opt/homebrew/lib/node_modules/npm/npmrc
4 silly config load:file:/private/var/folders/qn/bxsdm5wd7qxgv_hk3vw56r4c0000gn/T/.create-expo-app/template-cache/.npmrc
5 silly config load:file:/Users/tomaszabo/.npmrc
6 silly config load:file:/opt/homebrew/etc/npmrc
7 verbose title npm pack expo-template-blank-typescript@latest
8 verbose argv "pack" "expo-template-blank-typescript@latest" "--dry-run" "--json"
9 verbose logfile logs-max:10 dir:/Users/tomaszabo/Library/CloudStorage/OneDrive-Personal/RondaPlay/.npm-cache/_logs/2026-07-12T14_17_35_856Z-
10 verbose logfile /Users/tomaszabo/Library/CloudStorage/OneDrive-Personal/RondaPlay/.npm-cache/_logs/2026-07-12T14_17_35_856Z-debug-0.log
11 silly logfile done cleaning log files
12 http fetch GET 200 https://registry.npmjs.org/expo-template-blank-typescript 481ms (cache miss)
13 http cache https://registry.npmjs.org/expo-template-blank-typescript 11ms (cache hit)
14 http cache https://registry.npmjs.org/expo-template-blank-typescript/-/expo-template-blank-typescript-57.0.6.tgz 0ms (cache hit)
15 silly tarball no local data for https://registry.npmjs.org/expo-template-blank-typescript/-/expo-template-blank-typescript-57.0.6.tgz. Extracting by manifest.
16 http fetch GET 200 https://registry.npmjs.org/expo-template-blank-typescript/-/expo-template-blank-typescript-57.0.6.tgz 104ms (cache miss)
17 verbose cwd /private/var/folders/qn/bxsdm5wd7qxgv_hk3vw56r4c0000gn/T/.create-expo-app/template-cache
18 verbose os Darwin 25.5.0
19 verbose node v25.8.0
20 verbose npm  v11.11.0
21 verbose exit 0
22 info ok
