0 verbose cli /opt/homebrew/Cellar/node/25.8.0/bin/node /opt/homebrew/lib/node_modules/npm/bin/npm-cli.js
1 info using npm@11.11.0
2 info using node@v25.8.0
3 silly config load:file:/opt/homebrew/lib/node_modules/npm/npmrc
4 silly config load:file:/Users/tomaszabo/Library/CloudStorage/OneDrive-Personal/RondaPlay/.npmrc
5 silly config load:file:/Users/tomaszabo/.npmrc
6 silly config load:file:/opt/homebrew/etc/npmrc
7 verbose title npm exec create-expo-app@latest --help
8 verbose argv "exec" "--yes" "--" "create-expo-app@latest" "--help"
9 verbose logfile logs-max:10 dir:/Users/tomaszabo/Library/CloudStorage/OneDrive-Personal/RondaPlay/.npm-cache/_logs/2026-07-12T14_15_46_977Z-
10 verbose logfile /Users/tomaszabo/Library/CloudStorage/OneDrive-Personal/RondaPlay/.npm-cache/_logs/2026-07-12T14_15_46_977Z-debug-0.log
11 silly logfile done cleaning log files
12 silly packumentCache heap:4496293888 maxSize:1124073472 maxEntrySize:562036736
13 http fetch GET 200 https://registry.npmjs.org/create-expo-app 422ms (cache miss)
14 silly packumentCache heap:4496293888 maxSize:1124073472 maxEntrySize:562036736
15 silly packumentCache heap:4496293888 maxSize:1124073472 maxEntrySize:562036736
16 silly idealTree buildDeps
17 silly fetch manifest create-expo-app@4.0.0
18 silly packumentCache full:https://registry.npmjs.org/create-expo-app cache-miss
19 http fetch GET 200 https://registry.npmjs.org/create-expo-app 210ms (cache miss)
20 silly packumentCache full:https://registry.npmjs.org/create-expo-app set size:undefined disposed:false
21 silly placeDep ROOT create-expo-app@4.0.0 OK for:  want: 4.0.0
22 silly reify moves {}
23 silly audit bulk request { 'create-expo-app': [ '4.0.0' ] }
24 http cache create-expo-app@https://registry.npmjs.org/create-expo-app/-/create-expo-app-4.0.0.tgz 0ms (cache hit)
25 silly tarball no local data for create-expo-app@https://registry.npmjs.org/create-expo-app/-/create-expo-app-4.0.0.tgz. Extracting by manifest.
26 http fetch POST 200 https://registry.npmjs.org/-/npm/v1/security/advisories/bulk 200ms
27 silly audit report {}
28 http fetch GET 200 https://registry.npmjs.org/create-expo-app/-/create-expo-app-4.0.0.tgz 199ms (cache miss)
29 verbose cwd /Users/tomaszabo/Library/CloudStorage/OneDrive-Personal/RondaPlay
30 verbose os Darwin 25.5.0
31 verbose node v25.8.0
32 verbose npm  v11.11.0
33 verbose exit 0
34 info ok
