0 verbose cli /opt/homebrew/Cellar/node/25.8.0/bin/node /opt/homebrew/lib/node_modules/npm/bin/npm-cli.js
1 info using npm@11.11.0
2 info using node@v25.8.0
3 silly config load:file:/opt/homebrew/lib/node_modules/npm/npmrc
4 silly config load:file:/Users/tomaszabo/Library/CloudStorage/OneDrive-Personal/RondaPlay/.npmrc
5 silly config load:file:/Users/tomaszabo/.npmrc
6 silly config load:file:/opt/homebrew/etc/npmrc
7 verbose title npm exec firebase-tools@latest apps:create --help
8 verbose argv "exec" "--yes" "--" "firebase-tools@latest" "apps:create" "--help"
9 verbose logfile logs-max:10 dir:/Users/tomaszabo/Library/CloudStorage/OneDrive-Personal/RondaPlay/.npm-cache/_logs/2026-07-12T14_40_02_468Z-
10 verbose logfile /Users/tomaszabo/Library/CloudStorage/OneDrive-Personal/RondaPlay/.npm-cache/_logs/2026-07-12T14_40_02_468Z-debug-0.log
11 silly logfile start cleaning logs, removing 1 files
12 silly logfile done cleaning log files
13 silly packumentCache heap:4496293888 maxSize:1124073472 maxEntrySize:562036736
14 verbose shrinkwrap failed to load node_modules/.package-lock.json out of date, updated: apps/web
15 http fetch GET 200 https://registry.npmjs.org/firebase-tools 424ms (cache revalidated)
16 silly packumentCache heap:4496293888 maxSize:1124073472 maxEntrySize:562036736
17 silly packumentCache heap:4496293888 maxSize:1124073472 maxEntrySize:562036736
18 verbose cwd /Users/tomaszabo/Library/CloudStorage/OneDrive-Personal/RondaPlay
19 verbose os Darwin 25.5.0
20 verbose node v25.8.0
21 verbose npm  v11.11.0
22 verbose exit 0
23 info ok
