0 verbose cli /opt/homebrew/Cellar/node/25.8.0/bin/node /opt/homebrew/bin/npm
1 info using npm@11.11.0
2 info using node@v25.8.0
3 silly config load:file:/opt/homebrew/lib/node_modules/npm/npmrc
4 silly config load:file:/Users/tomaszabo/Library/CloudStorage/OneDrive-Personal/RondaPlay/.npmrc
5 silly config load:file:/Users/tomaszabo/.npmrc
6 silly config load:file:/opt/homebrew/etc/npmrc
7 verbose title npm install firebase
8 verbose argv "install" "firebase" "--workspace" "@rondaplay/web" "--save"
9 verbose logfile logs-max:10 dir:/Users/tomaszabo/Library/CloudStorage/OneDrive-Personal/RondaPlay/.npm-cache/_logs/2026-07-12T14_20_53_762Z-
10 verbose logfile /Users/tomaszabo/Library/CloudStorage/OneDrive-Personal/RondaPlay/.npm-cache/_logs/2026-07-12T14_20_53_762Z-debug-0.log
11 silly logfile done cleaning log files
12 silly packumentCache heap:4496293888 maxSize:1124073472 maxEntrySize:562036736
13 silly idealTree buildDeps
14 silly fetch manifest firebase@*
15 silly packumentCache full:https://registry.npmjs.org/firebase cache-miss
16 http fetch GET 200 https://registry.npmjs.org/firebase 1189ms (cache miss)
17 silly packumentCache full:https://registry.npmjs.org/firebase set size:undefined disposed:false
18 silly placeDep ROOT firebase@12.16.0 OK for: @rondaplay/web@0.1.0 want: *
19 silly fetch manifest @firebase/ai@2.13.1
20 silly packumentCache full:https://registry.npmjs.org/@firebase%2fai cache-miss
21 silly fetch manifest @firebase/app@0.15.1
22 silly packumentCache full:https://registry.npmjs.org/@firebase%2fapp cache-miss
23 silly fetch manifest @firebase/app-compat@0.5.15
24 silly packumentCache full:https://registry.npmjs.org/@firebase%2fapp-compat cache-miss
25 silly fetch manifest @firebase/app-types@0.9.5
26 silly packumentCache full:https://registry.npmjs.org/@firebase%2fapp-types cache-miss
27 silly fetch manifest @firebase/auth@1.13.3
28 silly packumentCache full:https://registry.npmjs.org/@firebase%2fauth cache-miss
29 silly fetch manifest @firebase/auth-compat@0.6.8
30 silly packumentCache full:https://registry.npmjs.org/@firebase%2fauth-compat cache-miss
31 silly fetch manifest @firebase/data-connect@0.7.1
32 silly packumentCache full:https://registry.npmjs.org/@firebase%2fdata-connect cache-miss
33 silly fetch manifest @firebase/database@1.1.3
34 silly packumentCache full:https://registry.npmjs.org/@firebase%2fdatabase cache-miss
35 silly fetch manifest @firebase/database-compat@2.1.4
36 silly packumentCache full:https://registry.npmjs.org/@firebase%2fdatabase-compat cache-miss
37 http fetch GET 200 https://registry.npmjs.org/@firebase%2fai 480ms (cache miss)
38 silly packumentCache full:https://registry.npmjs.org/@firebase%2fai set size:undefined disposed:false
39 silly fetch manifest @firebase/firestore@4.16.0
40 silly packumentCache full:https://registry.npmjs.org/@firebase%2ffirestore cache-miss
41 http fetch GET 200 https://registry.npmjs.org/@firebase%2fdata-connect 635ms (cache miss)
42 silly packumentCache full:https://registry.npmjs.org/@firebase%2fdata-connect set size:undefined disposed:false
43 silly fetch manifest @firebase/firestore-compat@0.4.11
44 silly packumentCache full:https://registry.npmjs.org/@firebase%2ffirestore-compat cache-miss
45 http fetch GET 200 https://registry.npmjs.org/@firebase%2fdatabase-compat 707ms (cache miss)
46 silly packumentCache full:https://registry.npmjs.org/@firebase%2fdatabase-compat set size:undefined disposed:false
47 silly fetch manifest @firebase/functions@0.13.5
48 silly packumentCache full:https://registry.npmjs.org/@firebase%2ffunctions cache-miss
49 http fetch GET 200 https://registry.npmjs.org/@firebase%2fapp-compat 974ms (cache miss)
50 silly packumentCache full:https://registry.npmjs.org/@firebase%2fapp-compat set size:undefined disposed:false
51 silly fetch manifest @firebase/functions-compat@0.4.5
52 silly packumentCache full:https://registry.npmjs.org/@firebase%2ffunctions-compat cache-miss
53 http fetch GET 200 https://registry.npmjs.org/@firebase%2fauth-compat 1000ms (cache miss)
54 silly packumentCache full:https://registry.npmjs.org/@firebase%2fauth-compat set size:undefined disposed:false
55 silly fetch manifest @firebase/installations@0.6.22
56 silly packumentCache full:https://registry.npmjs.org/@firebase%2finstallations cache-miss
57 http fetch GET 200 https://registry.npmjs.org/@firebase%2fapp-types 1076ms (cache miss)
58 silly packumentCache full:https://registry.npmjs.org/@firebase%2fapp-types set size:undefined disposed:false
59 silly fetch manifest @firebase/installations-compat@0.2.22
60 silly packumentCache full:https://registry.npmjs.org/@firebase%2finstallations-compat cache-miss
61 http fetch GET 200 https://registry.npmjs.org/@firebase%2fdatabase 1250ms (cache miss)
62 silly packumentCache full:https://registry.npmjs.org/@firebase%2fdatabase set size:undefined disposed:false
63 silly fetch manifest @firebase/messaging@0.13.0
64 silly packumentCache full:https://registry.npmjs.org/@firebase%2fmessaging cache-miss
65 http fetch GET 200 https://registry.npmjs.org/@firebase%2ffunctions-compat 321ms (cache miss)
66 silly packumentCache full:https://registry.npmjs.org/@firebase%2ffunctions-compat set size:undefined disposed:false
67 silly fetch manifest @firebase/messaging-compat@0.2.27
68 silly packumentCache full:https://registry.npmjs.org/@firebase%2fmessaging-compat cache-miss
69 http fetch GET 200 https://registry.npmjs.org/@firebase%2fauth 1330ms (cache miss)
70 silly packumentCache full:https://registry.npmjs.org/@firebase%2fauth set size:undefined disposed:false
71 silly fetch manifest @firebase/storage@0.14.3
72 silly packumentCache full:https://registry.npmjs.org/@firebase%2fstorage cache-miss
73 http fetch GET 200 https://registry.npmjs.org/@firebase%2ffirestore-compat 946ms (cache miss)
74 silly packumentCache full:https://registry.npmjs.org/@firebase%2ffirestore-compat set size:undefined disposed:false
75 silly fetch manifest @firebase/storage-compat@0.4.3
76 silly packumentCache full:https://registry.npmjs.org/@firebase%2fstorage-compat cache-miss
77 http fetch GET 200 https://registry.npmjs.org/@firebase%2fapp 1655ms (cache miss)
78 silly packumentCache full:https://registry.npmjs.org/@firebase%2fapp set size:undefined disposed:false
79 silly fetch manifest @firebase/performance@0.7.12
80 silly packumentCache full:https://registry.npmjs.org/@firebase%2fperformance cache-miss
81 http fetch GET 200 https://registry.npmjs.org/@firebase%2finstallations-compat 744ms (cache miss)
82 silly packumentCache full:https://registry.npmjs.org/@firebase%2finstallations-compat set size:undefined disposed:false
83 silly fetch manifest @firebase/performance-compat@0.2.25
84 silly packumentCache full:https://registry.npmjs.org/@firebase%2fperformance-compat cache-miss
85 http fetch GET 200 https://registry.npmjs.org/@firebase%2finstallations 957ms (cache miss)
86 silly packumentCache full:https://registry.npmjs.org/@firebase%2finstallations set size:undefined disposed:false
87 silly fetch manifest @firebase/remote-config@0.9.0
88 silly packumentCache full:https://registry.npmjs.org/@firebase%2fremote-config cache-miss
89 http fetch GET 200 https://registry.npmjs.org/@firebase%2ffunctions 1559ms (cache miss)
90 silly packumentCache full:https://registry.npmjs.org/@firebase%2ffunctions set size:undefined disposed:false
91 silly fetch manifest @firebase/remote-config-compat@0.2.27
92 silly packumentCache full:https://registry.npmjs.org/@firebase%2fremote-config-compat cache-miss
93 http fetch GET 200 https://registry.npmjs.org/@firebase%2ffirestore 2154ms (cache miss)
94 silly packumentCache full:https://registry.npmjs.org/@firebase%2ffirestore set size:undefined disposed:false
95 silly fetch manifest @firebase/analytics@0.10.22
96 silly packumentCache full:https://registry.npmjs.org/@firebase%2fanalytics cache-miss
97 http fetch GET 200 https://registry.npmjs.org/@firebase%2fmessaging-compat 1607ms (cache miss)
98 silly packumentCache full:https://registry.npmjs.org/@firebase%2fmessaging-compat set size:undefined disposed:false
99 silly fetch manifest @firebase/analytics-compat@0.2.28
100 silly packumentCache full:https://registry.npmjs.org/@firebase%2fanalytics-compat cache-miss
101 http fetch GET 200 https://registry.npmjs.org/@firebase%2fstorage-compat 1418ms (cache miss)
102 silly packumentCache full:https://registry.npmjs.org/@firebase%2fstorage-compat set size:undefined disposed:false
103 silly fetch manifest @firebase/app-check@0.12.0
104 silly packumentCache full:https://registry.npmjs.org/@firebase%2fapp-check cache-miss
105 http fetch GET 200 https://registry.npmjs.org/@firebase%2fperformance-compat 1341ms (cache miss)
106 silly packumentCache full:https://registry.npmjs.org/@firebase%2fperformance-compat set size:undefined disposed:false
107 silly fetch manifest @firebase/app-check-compat@0.4.5
108 silly packumentCache full:https://registry.npmjs.org/@firebase%2fapp-check-compat cache-miss
109 http fetch GET 200 https://registry.npmjs.org/@firebase%2fremote-config-compat 813ms (cache miss)
110 silly packumentCache full:https://registry.npmjs.org/@firebase%2fremote-config-compat set size:undefined disposed:false
111 silly fetch manifest @firebase/util@1.15.1
112 silly packumentCache full:https://registry.npmjs.org/@firebase%2futil cache-miss
113 http fetch GET 200 https://registry.npmjs.org/@firebase%2fperformance 1631ms (cache miss)
114 silly packumentCache full:https://registry.npmjs.org/@firebase%2fperformance set size:undefined disposed:false
115 http fetch GET 200 https://registry.npmjs.org/@firebase%2fstorage 2000ms (cache miss)
116 silly packumentCache full:https://registry.npmjs.org/@firebase%2fstorage set size:undefined disposed:false
117 http fetch GET 200 https://registry.npmjs.org/@firebase%2fmessaging 2375ms (cache miss)
118 silly packumentCache full:https://registry.npmjs.org/@firebase%2fmessaging set size:undefined disposed:false
119 http fetch GET 200 https://registry.npmjs.org/@firebase%2fremote-config 1751ms (cache miss)
120 silly packumentCache full:https://registry.npmjs.org/@firebase%2fremote-config set size:undefined disposed:false
121 http fetch GET 200 https://registry.npmjs.org/@firebase%2fanalytics-compat 1108ms (cache miss)
122 silly packumentCache full:https://registry.npmjs.org/@firebase%2fanalytics-compat set size:undefined disposed:false
123 http fetch GET 200 https://registry.npmjs.org/@firebase%2fapp-check 1077ms (cache miss)
124 silly packumentCache full:https://registry.npmjs.org/@firebase%2fapp-check set size:undefined disposed:false
125 http fetch GET 200 https://registry.npmjs.org/@firebase%2fapp-check-compat 981ms (cache miss)
126 silly packumentCache full:https://registry.npmjs.org/@firebase%2fapp-check-compat set size:undefined disposed:false
127 http fetch GET 200 https://registry.npmjs.org/@firebase%2fanalytics 1501ms (cache miss)
128 silly packumentCache full:https://registry.npmjs.org/@firebase%2fanalytics set size:undefined disposed:false
129 http fetch GET 200 https://registry.npmjs.org/@firebase%2futil 1260ms (cache miss)
130 silly packumentCache full:https://registry.npmjs.org/@firebase%2futil set size:undefined disposed:false
131 silly fetch manifest @react-native-async-storage/async-storage@^2.2.0 || ^3.0.0
132 silly packumentCache full:https://registry.npmjs.org/@react-native-async-storage%2fasync-storage cache-miss
133 http fetch GET 200 https://registry.npmjs.org/@react-native-async-storage%2fasync-storage 417ms (cache miss)
134 silly packumentCache full:https://registry.npmjs.org/@react-native-async-storage%2fasync-storage set size:undefined disposed:false
135 silly fetch manifest react@*
136 silly packumentCache full:https://registry.npmjs.org/react cache-miss
137 http cache https://registry.npmjs.org/react 21ms (cache hit)
138 silly packumentCache full:https://registry.npmjs.org/react set size:6787766 disposed:false
139 silly fetch manifest react-native@*
140 silly packumentCache full:https://registry.npmjs.org/react-native cache-miss
141 http cache https://registry.npmjs.org/react-native 33ms (cache hit)
142 silly packumentCache full:https://registry.npmjs.org/react-native set size:15479935 disposed:false
143 silly fetch manifest @react-native/jest-preset@0.86.0
144 silly packumentCache full:https://registry.npmjs.org/@react-native%2fjest-preset cache-miss
145 http cache https://registry.npmjs.org/@react-native%2fjest-preset 6ms (cache hit)
146 silly packumentCache full:https://registry.npmjs.org/@react-native%2fjest-preset set size:259925 disposed:false
147 silly fetch manifest @types/react@^19.1.1
148 silly packumentCache full:https://registry.npmjs.org/@types%2freact cache-miss
149 http cache https://registry.npmjs.org/@types%2freact 11ms (cache hit)
150 silly packumentCache full:https://registry.npmjs.org/@types%2freact set size:2632776 disposed:false
151 silly placeDep ROOT @firebase/ai@2.13.1 OK for: firebase@12.16.0 want: 2.13.1
152 silly placeDep ROOT @firebase/app@0.15.1 OK for: @firebase/ai@2.13.1 want: 0.x
153 silly placeDep ROOT @firebase/app-types@0.9.5 OK for: @firebase/ai@2.13.1 want: 0.x
154 silly placeDep ROOT @firebase/analytics@0.10.22 OK for: firebase@12.16.0 want: 0.10.22
155 silly placeDep ROOT @firebase/analytics-compat@0.2.28 OK for: firebase@12.16.0 want: 0.2.28
156 silly placeDep ROOT @firebase/app-compat@0.5.15 OK for: @firebase/analytics-compat@0.2.28 want: 0.x
157 silly placeDep ROOT @firebase/app-check@0.12.0 OK for: firebase@12.16.0 want: 0.12.0
158 silly placeDep ROOT @firebase/app-check-compat@0.4.5 OK for: firebase@12.16.0 want: 0.4.5
159 silly placeDep ROOT @firebase/auth@1.13.3 OK for: firebase@12.16.0 want: 1.13.3
160 silly placeDep ROOT @firebase/auth-compat@0.6.8 OK for: firebase@12.16.0 want: 0.6.8
161 silly placeDep ROOT @firebase/data-connect@0.7.1 OK for: firebase@12.16.0 want: 0.7.1
162 silly placeDep ROOT @firebase/database@1.1.3 OK for: firebase@12.16.0 want: 1.1.3
163 silly placeDep ROOT @firebase/database-compat@2.1.4 OK for: firebase@12.16.0 want: 2.1.4
164 silly placeDep ROOT @firebase/firestore@4.16.0 OK for: firebase@12.16.0 want: 4.16.0
165 silly placeDep ROOT @firebase/firestore-compat@0.4.11 OK for: firebase@12.16.0 want: 0.4.11
166 silly placeDep ROOT @firebase/functions@0.13.5 OK for: firebase@12.16.0 want: 0.13.5
167 silly placeDep ROOT @firebase/functions-compat@0.4.5 OK for: firebase@12.16.0 want: 0.4.5
168 silly placeDep ROOT @firebase/installations@0.6.22 OK for: firebase@12.16.0 want: 0.6.22
169 silly placeDep ROOT @firebase/installations-compat@0.2.22 OK for: firebase@12.16.0 want: 0.2.22
170 silly placeDep ROOT @firebase/messaging@0.13.0 OK for: firebase@12.16.0 want: 0.13.0
171 silly placeDep ROOT @firebase/messaging-compat@0.2.27 OK for: firebase@12.16.0 want: 0.2.27
172 silly placeDep ROOT @firebase/performance@0.7.12 OK for: firebase@12.16.0 want: 0.7.12
173 silly placeDep ROOT @firebase/performance-compat@0.2.25 OK for: firebase@12.16.0 want: 0.2.25
174 silly placeDep ROOT @firebase/remote-config@0.9.0 OK for: firebase@12.16.0 want: 0.9.0
175 silly placeDep ROOT @firebase/remote-config-compat@0.2.27 OK for: firebase@12.16.0 want: 0.2.27
176 silly placeDep ROOT @firebase/storage@0.14.3 OK for: firebase@12.16.0 want: 0.14.3
177 silly placeDep ROOT @firebase/storage-compat@0.4.3 OK for: firebase@12.16.0 want: 0.4.3
178 silly placeDep ROOT @firebase/util@1.15.1 OK for: firebase@12.16.0 want: 1.15.1
179 silly fetch manifest @firebase/app-check-interop-types@0.3.4
180 silly packumentCache full:https://registry.npmjs.org/@firebase%2fapp-check-interop-types cache-miss
181 silly fetch manifest @firebase/component@0.7.3
182 silly packumentCache full:https://registry.npmjs.org/@firebase%2fcomponent cache-miss
183 silly fetch manifest @firebase/logger@0.5.1
184 silly packumentCache full:https://registry.npmjs.org/@firebase%2flogger cache-miss
185 silly fetch manifest @firebase/logger@0.5.1
186 silly packumentCache full:https://registry.npmjs.org/@firebase%2flogger cache-miss
187 silly fetch manifest @firebase/logger@0.5.1
188 silly packumentCache full:https://registry.npmjs.org/@firebase%2flogger cache-miss
189 silly fetch manifest @firebase/component@0.7.3
190 silly packumentCache full:https://registry.npmjs.org/@firebase%2fcomponent cache-miss
191 silly fetch manifest idb@7.1.1
192 silly packumentCache full:https://registry.npmjs.org/idb cache-miss
193 silly fetch manifest @firebase/logger@0.5.1
194 silly packumentCache full:https://registry.npmjs.org/@firebase%2flogger cache-miss
195 silly fetch manifest @firebase/component@0.7.3
196 silly packumentCache full:https://registry.npmjs.org/@firebase%2fcomponent cache-miss
197 http fetch GET 200 https://registry.npmjs.org/idb 241ms (cache miss)
198 silly packumentCache full:https://registry.npmjs.org/idb set size:undefined disposed:false
199 silly fetch manifest @firebase/component@0.7.3
200 silly packumentCache full:https://registry.npmjs.org/@firebase%2fcomponent cache-miss
201 http fetch GET 200 https://registry.npmjs.org/@firebase%2fapp-check-interop-types 825ms (cache miss)
202 silly packumentCache full:https://registry.npmjs.org/@firebase%2fapp-check-interop-types set size:undefined disposed:false
203 silly fetch manifest @firebase/analytics-types@0.8.4
204 silly packumentCache full:https://registry.npmjs.org/@firebase%2fanalytics-types cache-miss
205 http fetch GET 200 https://registry.npmjs.org/@firebase%2fcomponent 976ms (cache miss)
206 silly packumentCache full:https://registry.npmjs.org/@firebase%2fcomponent set size:undefined disposed:false
207 silly fetch manifest @firebase/logger@0.5.1
208 silly packumentCache full:https://registry.npmjs.org/@firebase%2flogger cache-miss
209 http fetch GET 200 https://registry.npmjs.org/@firebase%2fcomponent 1155ms (cache miss)
210 silly packumentCache full:https://registry.npmjs.org/@firebase%2fcomponent set size:undefined disposed:false
211 silly fetch manifest @firebase/logger@0.5.1
212 silly packumentCache full:https://registry.npmjs.org/@firebase%2flogger cache-miss
213 http fetch GET 200 https://registry.npmjs.org/@firebase%2fcomponent 1240ms (cache miss)
214 silly packumentCache full:https://registry.npmjs.org/@firebase%2fcomponent set size:undefined disposed:false
215 silly fetch manifest @firebase/app-check-types@0.5.4
216 silly packumentCache full:https://registry.npmjs.org/@firebase%2fapp-check-types cache-miss
217 http fetch GET 200 https://registry.npmjs.org/@firebase%2fcomponent 1203ms (cache miss)
218 silly packumentCache full:https://registry.npmjs.org/@firebase%2fcomponent set size:undefined disposed:false
219 silly fetch manifest @firebase/logger@0.5.1
220 silly packumentCache full:https://registry.npmjs.org/@firebase%2flogger cache-miss
221 http fetch GET 200 https://registry.npmjs.org/@firebase%2flogger 1790ms (cache miss)
222 silly packumentCache full:https://registry.npmjs.org/@firebase%2flogger set size:undefined disposed:false
223 silly fetch manifest @firebase/auth-types@0.13.1
224 silly packumentCache full:https://registry.npmjs.org/@firebase%2fauth-types cache-miss
225 http fetch GET 200 https://registry.npmjs.org/@firebase%2flogger 1956ms (cache miss)
226 silly packumentCache full:https://registry.npmjs.org/@firebase%2flogger set size:undefined disposed:false
227 silly fetch manifest @firebase/auth-interop-types@0.2.5
228 silly packumentCache full:https://registry.npmjs.org/@firebase%2fauth-interop-types cache-miss
229 http fetch GET 200 https://registry.npmjs.org/@firebase%2flogger 2358ms (cache miss)
230 silly packumentCache full:https://registry.npmjs.org/@firebase%2flogger set size:undefined disposed:false
231 silly fetch manifest faye-websocket@0.11.4
232 silly packumentCache full:https://registry.npmjs.org/faye-websocket cache-miss
233 http fetch GET 200 https://registry.npmjs.org/@firebase%2flogger 2529ms (cache miss)
234 silly packumentCache full:https://registry.npmjs.org/@firebase%2flogger set size:undefined disposed:false
235 silly fetch manifest @firebase/auth-interop-types@0.2.5
236 silly packumentCache full:https://registry.npmjs.org/@firebase%2fauth-interop-types cache-miss
237 http fetch GET 200 https://registry.npmjs.org/faye-websocket 319ms (cache miss)
238 silly packumentCache full:https://registry.npmjs.org/faye-websocket set size:undefined disposed:false
239 silly fetch manifest @firebase/database-types@1.0.20
240 silly packumentCache full:https://registry.npmjs.org/@firebase%2fdatabase-types cache-miss
241 http fetch GET 200 https://registry.npmjs.org/@firebase%2fanalytics-types 2046ms (cache miss)
242 silly packumentCache full:https://registry.npmjs.org/@firebase%2fanalytics-types set size:undefined disposed:false
243 silly fetch manifest @firebase/webchannel-wrapper@1.0.6
244 silly packumentCache full:https://registry.npmjs.org/@firebase%2fwebchannel-wrapper cache-miss
245 http fetch GET 200 https://registry.npmjs.org/@firebase%2fapp-check-types 1804ms (cache miss)
246 silly packumentCache full:https://registry.npmjs.org/@firebase%2fapp-check-types set size:undefined disposed:false
247 silly fetch manifest @grpc/grpc-js@~1.9.0
248 silly packumentCache full:https://registry.npmjs.org/@grpc%2fgrpc-js cache-miss
249 http fetch GET 200 https://registry.npmjs.org/@grpc%2fgrpc-js 217ms (cache revalidated)
250 silly packumentCache full:https://registry.npmjs.org/@grpc%2fgrpc-js set size:674221 disposed:false
251 silly fetch manifest @grpc/proto-loader@^0.7.8
252 silly packumentCache full:https://registry.npmjs.org/@grpc%2fproto-loader cache-miss
253 http fetch GET 200 https://registry.npmjs.org/@grpc%2fproto-loader 111ms (cache revalidated)
254 silly packumentCache full:https://registry.npmjs.org/@grpc%2fproto-loader set size:218355 disposed:false
255 silly fetch manifest re2js@^0.4.2
256 silly packumentCache full:https://registry.npmjs.org/re2js cache-miss
257 http fetch GET 200 https://registry.npmjs.org/@firebase%2flogger 2422ms (cache miss)
258 silly packumentCache full:https://registry.npmjs.org/@firebase%2flogger set size:undefined disposed:false
259 silly fetch manifest @firebase/firestore-types@3.0.4
260 silly packumentCache full:https://registry.npmjs.org/@firebase%2ffirestore-types cache-miss
261 http fetch GET 200 https://registry.npmjs.org/@firebase%2flogger 2553ms (cache miss)
262 silly packumentCache full:https://registry.npmjs.org/@firebase%2flogger set size:undefined disposed:false
263 silly fetch manifest @firebase/auth-interop-types@0.2.5
264 silly packumentCache full:https://registry.npmjs.org/@firebase%2fauth-interop-types cache-miss
265 http fetch GET 200 https://registry.npmjs.org/re2js 548ms (cache miss)
266 silly packumentCache full:https://registry.npmjs.org/re2js set size:undefined disposed:false
267 silly fetch manifest @firebase/messaging-interop-types@0.2.5
268 silly packumentCache full:https://registry.npmjs.org/@firebase%2fmessaging-interop-types cache-miss
269 http fetch GET 200 https://registry.npmjs.org/@firebase%2fauth-interop-types 1871ms (cache miss)
270 silly packumentCache full:https://registry.npmjs.org/@firebase%2fauth-interop-types set size:undefined disposed:false
271 silly fetch manifest @firebase/functions-types@0.6.4
272 silly packumentCache full:https://registry.npmjs.org/@firebase%2ffunctions-types cache-miss
273 http fetch GET 200 https://registry.npmjs.org/@firebase%2fauth-interop-types 1595ms (cache miss)
274 silly packumentCache full:https://registry.npmjs.org/@firebase%2fauth-interop-types set size:undefined disposed:false
275 silly fetch manifest @firebase/installations-types@0.5.4
276 silly packumentCache full:https://registry.npmjs.org/@firebase%2finstallations-types cache-miss
277 http fetch GET 200 https://registry.npmjs.org/@firebase%2flogger 2997ms (cache miss)
278 silly packumentCache full:https://registry.npmjs.org/@firebase%2flogger set size:undefined disposed:false
279 silly fetch manifest @firebase/messaging-interop-types@0.2.5
280 silly packumentCache full:https://registry.npmjs.org/@firebase%2fmessaging-interop-types cache-miss
281 http fetch GET 200 https://registry.npmjs.org/@firebase%2fauth-types 2773ms (cache miss)
282 silly packumentCache full:https://registry.npmjs.org/@firebase%2fauth-types set size:undefined disposed:false
283 silly fetch manifest web-vitals@^4.2.4
284 silly packumentCache full:https://registry.npmjs.org/web-vitals cache-miss
285 http fetch GET 200 https://registry.npmjs.org/@firebase%2fmessaging-interop-types 854ms (cache miss)
286 silly packumentCache full:https://registry.npmjs.org/@firebase%2fmessaging-interop-types set size:undefined disposed:false
287 silly fetch manifest @firebase/performance-types@0.2.4
288 silly packumentCache full:https://registry.npmjs.org/@firebase%2fperformance-types cache-miss
289 http fetch GET 200 https://registry.npmjs.org/web-vitals 322ms (cache miss)
290 silly packumentCache full:https://registry.npmjs.org/web-vitals set size:undefined disposed:false
291 silly fetch manifest @firebase/remote-config-types@0.5.1
292 silly packumentCache full:https://registry.npmjs.org/@firebase%2fremote-config-types cache-miss
293 http fetch GET 200 https://registry.npmjs.org/@firebase%2fmessaging-interop-types 584ms (cache miss)
294 silly packumentCache full:https://registry.npmjs.org/@firebase%2fmessaging-interop-types set size:undefined disposed:false
295 silly fetch manifest @firebase/storage-types@0.8.4
296 silly packumentCache full:https://registry.npmjs.org/@firebase%2fstorage-types cache-miss
297 http fetch GET 200 https://registry.npmjs.org/@firebase%2fdatabase-types 2422ms (cache miss)
298 silly packumentCache full:https://registry.npmjs.org/@firebase%2fdatabase-types set size:undefined disposed:false
299 http fetch GET 200 https://registry.npmjs.org/@firebase%2fauth-interop-types 1367ms (cache miss)
300 silly packumentCache full:https://registry.npmjs.org/@firebase%2fauth-interop-types set size:undefined disposed:false
301 http fetch GET 200 https://registry.npmjs.org/@firebase%2fwebchannel-wrapper 2739ms (cache miss)
302 silly packumentCache full:https://registry.npmjs.org/@firebase%2fwebchannel-wrapper set size:undefined disposed:false
303 http fetch GET 200 https://registry.npmjs.org/@firebase%2ffirestore-types 2140ms (cache miss)
304 silly packumentCache full:https://registry.npmjs.org/@firebase%2ffirestore-types set size:undefined disposed:false
305 http fetch GET 200 https://registry.npmjs.org/@firebase%2finstallations-types 1655ms (cache miss)
306 silly packumentCache full:https://registry.npmjs.org/@firebase%2finstallations-types set size:undefined disposed:false
307 http fetch GET 200 https://registry.npmjs.org/@firebase%2ffunctions-types 1945ms (cache miss)
308 silly packumentCache full:https://registry.npmjs.org/@firebase%2ffunctions-types set size:undefined disposed:false
309 http fetch GET 200 https://registry.npmjs.org/@firebase%2fremote-config-types 1217ms (cache miss)
310 silly packumentCache full:https://registry.npmjs.org/@firebase%2fremote-config-types set size:undefined disposed:false
311 http fetch GET 200 https://registry.npmjs.org/@firebase%2fperformance-types 1465ms (cache miss)
312 silly packumentCache full:https://registry.npmjs.org/@firebase%2fperformance-types set size:undefined disposed:false
313 http fetch GET 200 https://registry.npmjs.org/@firebase%2fstorage-types 1373ms (cache miss)
314 silly packumentCache full:https://registry.npmjs.org/@firebase%2fstorage-types set size:undefined disposed:false
315 silly placeDep ROOT @firebase/app-check-interop-types@0.3.4 OK for: @firebase/ai@2.13.1 want: 0.3.4
316 silly placeDep ROOT @firebase/component@0.7.3 OK for: @firebase/ai@2.13.1 want: 0.7.3
317 silly placeDep ROOT @firebase/logger@0.5.1 OK for: @firebase/ai@2.13.1 want: 0.5.1
318 silly placeDep ROOT @firebase/analytics-types@0.8.4 OK for: @firebase/analytics-compat@0.2.28 want: 0.8.4
319 silly placeDep ROOT idb@7.1.1 OK for: @firebase/app@0.15.1 want: 7.1.1
320 silly placeDep ROOT @firebase/app-check-types@0.5.4 OK for: @firebase/app-check-compat@0.4.5 want: 0.5.4
321 silly fetch manifest @firebase/app-types@0.x
322 silly packumentCache full:https://registry.npmjs.org/@firebase%2fapp-types cache-miss
323 http cache https://registry.npmjs.org/@firebase%2fapp-types 59ms (cache hit)
324 silly packumentCache full:https://registry.npmjs.org/@firebase%2fapp-types set size:8589149 disposed:false
325 silly placeDep ROOT @firebase/auth-types@0.13.1 OK for: @firebase/auth-compat@0.6.8 want: 0.13.1
326 silly placeDep ROOT @firebase/auth-interop-types@0.2.5 OK for: @firebase/data-connect@0.7.1 want: 0.2.5
327 silly placeDep ROOT faye-websocket@0.11.4 OK for: @firebase/database@1.1.3 want: 0.11.4
328 silly fetch manifest websocket-driver@>=0.5.1
329 silly packumentCache full:https://registry.npmjs.org/websocket-driver cache-miss
330 http fetch GET 200 https://registry.npmjs.org/websocket-driver 346ms (cache miss)
331 silly packumentCache full:https://registry.npmjs.org/websocket-driver set size:undefined disposed:false
332 silly placeDep ROOT @firebase/database-types@1.0.20 OK for: @firebase/database-compat@2.1.4 want: 1.0.20
333 silly placeDep ROOT @firebase/webchannel-wrapper@1.0.6 OK for: @firebase/firestore@4.16.0 want: 1.0.6
334 silly placeDep ROOT @grpc/grpc-js@1.9.16 OK for: @firebase/firestore@4.16.0 want: ~1.9.0
335 silly placeDep ROOT @grpc/proto-loader@0.7.15 OK for: @firebase/firestore@4.16.0 want: ^0.7.8
336 silly placeDep ROOT re2js@0.4.3 OK for: @firebase/firestore@4.16.0 want: ^0.4.2
337 silly fetch manifest long@^5.0.0
338 silly packumentCache full:https://registry.npmjs.org/long cache-miss
339 silly fetch manifest protobufjs@^7.2.5
340 silly packumentCache full:https://registry.npmjs.org/protobufjs cache-miss
341 silly fetch manifest lodash.camelcase@^4.3.0
342 silly packumentCache full:https://registry.npmjs.org/lodash.camelcase cache-miss
343 http fetch GET 200 https://registry.npmjs.org/lodash.camelcase 268ms (cache revalidated)
344 silly packumentCache full:https://registry.npmjs.org/lodash.camelcase set size:16993 disposed:false
345 http fetch GET 200 https://registry.npmjs.org/long 271ms (cache revalidated)
346 silly packumentCache full:https://registry.npmjs.org/long set size:80704 disposed:false
347 http fetch GET 200 https://registry.npmjs.org/protobufjs 276ms (cache revalidated)
348 silly packumentCache full:https://registry.npmjs.org/protobufjs set size:763699 disposed:false
349 silly placeDep ROOT @firebase/firestore-types@3.0.4 OK for: @firebase/firestore-compat@0.4.11 want: 3.0.4
350 silly placeDep ROOT @firebase/messaging-interop-types@0.2.5 OK for: @firebase/functions@0.13.5 want: 0.2.5
351 silly placeDep ROOT @firebase/functions-types@0.6.4 OK for: @firebase/functions-compat@0.4.5 want: 0.6.4
352 silly placeDep ROOT @firebase/installations-types@0.5.4 OK for: @firebase/installations-compat@0.2.22 want: 0.5.4
353 silly placeDep ROOT web-vitals@4.2.4 OK for: @firebase/performance@0.7.12 want: ^4.2.4
354 silly placeDep ROOT @firebase/performance-types@0.2.4 OK for: @firebase/performance-compat@0.2.25 want: 0.2.4
355 silly placeDep ROOT @firebase/remote-config-types@0.5.1 OK for: @firebase/remote-config-compat@0.2.27 want: 0.5.1
356 silly placeDep ROOT @firebase/storage-types@0.8.4 OK for: @firebase/storage-compat@0.4.3 want: 0.8.4
357 silly placeDep ROOT lodash.camelcase@4.3.0 OK for: @grpc/proto-loader@0.7.15 want: ^4.3.0
358 silly placeDep ROOT long@5.3.2 OK for: @grpc/proto-loader@0.7.15 want: ^5.0.0
359 silly placeDep ROOT protobufjs@7.6.5 OK for: @grpc/proto-loader@0.7.15 want: ^7.2.5
360 silly fetch manifest @protobufjs/path@^1.1.2
361 silly packumentCache full:https://registry.npmjs.org/@protobufjs%2fpath cache-miss
362 silly fetch manifest @protobufjs/pool@^1.1.0
363 silly packumentCache full:https://registry.npmjs.org/@protobufjs%2fpool cache-miss
364 silly fetch manifest @protobufjs/utf8@^1.1.1
365 silly packumentCache full:https://registry.npmjs.org/@protobufjs%2futf8 cache-miss
366 silly fetch manifest @protobufjs/fetch@^1.1.1
367 silly packumentCache full:https://registry.npmjs.org/@protobufjs%2ffetch cache-miss
368 silly fetch manifest @protobufjs/float@^1.0.2
369 silly packumentCache full:https://registry.npmjs.org/@protobufjs%2ffloat cache-miss
370 silly fetch manifest @protobufjs/base64@^1.1.2
371 silly packumentCache full:https://registry.npmjs.org/@protobufjs%2fbase64 cache-miss
372 silly fetch manifest @protobufjs/codegen@^2.0.5
373 silly packumentCache full:https://registry.npmjs.org/@protobufjs%2fcodegen cache-miss
374 silly fetch manifest @protobufjs/aspromise@^1.1.2
375 silly packumentCache full:https://registry.npmjs.org/@protobufjs%2faspromise cache-miss
376 silly fetch manifest @protobufjs/eventemitter@^1.1.1
377 silly packumentCache full:https://registry.npmjs.org/@protobufjs%2feventemitter cache-miss
378 http fetch GET 200 https://registry.npmjs.org/@protobufjs%2futf8 87ms (cache revalidated)
379 silly packumentCache full:https://registry.npmjs.org/@protobufjs%2futf8 set size:17318 disposed:false
380 http fetch GET 200 https://registry.npmjs.org/@protobufjs%2ffetch 85ms (cache revalidated)
381 silly packumentCache full:https://registry.npmjs.org/@protobufjs%2ffetch set size:12023 disposed:false
382 http fetch GET 200 https://registry.npmjs.org/@protobufjs%2fpool 91ms (cache revalidated)
383 silly packumentCache full:https://registry.npmjs.org/@protobufjs%2fpool set size:10727 disposed:false
384 http fetch GET 200 https://registry.npmjs.org/@protobufjs%2fcodegen 87ms (cache revalidated)
385 silly packumentCache full:https://registry.npmjs.org/@protobufjs%2fcodegen set size:23820 disposed:false
386 http fetch GET 200 https://registry.npmjs.org/@protobufjs%2fpath 96ms (cache revalidated)
387 silly packumentCache full:https://registry.npmjs.org/@protobufjs%2fpath set size:10241 disposed:false
388 http fetch GET 200 https://registry.npmjs.org/@protobufjs%2faspromise 90ms (cache revalidated)
389 silly packumentCache full:https://registry.npmjs.org/@protobufjs%2faspromise set size:11438 disposed:false
390 http fetch GET 200 https://registry.npmjs.org/@protobufjs%2feventemitter 90ms (cache revalidated)
391 silly packumentCache full:https://registry.npmjs.org/@protobufjs%2feventemitter set size:13173 disposed:false
392 http fetch GET 200 https://registry.npmjs.org/@protobufjs%2ffloat 95ms (cache revalidated)
393 silly packumentCache full:https://registry.npmjs.org/@protobufjs%2ffloat set size:9957 disposed:false
394 http fetch GET 200 https://registry.npmjs.org/@protobufjs%2fbase64 112ms (cache revalidated)
395 silly packumentCache full:https://registry.npmjs.org/@protobufjs%2fbase64 set size:14176 disposed:false
396 silly placeDep ROOT websocket-driver@0.7.5 OK for: faye-websocket@0.11.4 want: >=0.5.1
397 silly fetch manifest http-parser-js@>=0.5.1
398 silly packumentCache full:https://registry.npmjs.org/http-parser-js cache-miss
399 silly fetch manifest websocket-extensions@>=0.1.1
400 silly packumentCache full:https://registry.npmjs.org/websocket-extensions cache-miss
401 http fetch GET 200 https://registry.npmjs.org/websocket-extensions 47ms (cache miss)
402 silly packumentCache full:https://registry.npmjs.org/websocket-extensions set size:undefined disposed:false
403 http fetch GET 200 https://registry.npmjs.org/http-parser-js 62ms (cache miss)
404 silly packumentCache full:https://registry.npmjs.org/http-parser-js set size:undefined disposed:false
405 silly placeDep ROOT @protobufjs/aspromise@1.1.2 OK for: protobufjs@7.6.5 want: ^1.1.2
406 silly placeDep ROOT @protobufjs/base64@1.1.2 OK for: protobufjs@7.6.5 want: ^1.1.2
407 silly placeDep ROOT @protobufjs/codegen@2.0.5 OK for: protobufjs@7.6.5 want: ^2.0.5
408 silly placeDep ROOT @protobufjs/eventemitter@1.1.1 OK for: protobufjs@7.6.5 want: ^1.1.1
409 silly placeDep ROOT @protobufjs/fetch@1.1.1 OK for: protobufjs@7.6.5 want: ^1.1.1
410 silly placeDep ROOT @protobufjs/float@1.0.2 OK for: protobufjs@7.6.5 want: ^1.0.2
411 silly placeDep ROOT @protobufjs/path@1.1.2 OK for: protobufjs@7.6.5 want: ^1.1.2
412 silly placeDep ROOT @protobufjs/pool@1.1.0 OK for: protobufjs@7.6.5 want: ^1.1.0
413 silly placeDep ROOT @protobufjs/utf8@1.1.2 OK for: protobufjs@7.6.5 want: ^1.1.1
414 silly placeDep ROOT http-parser-js@0.5.10 OK for: websocket-driver@0.7.5 want: >=0.5.1
415 silly placeDep ROOT websocket-extensions@0.1.4 OK for: websocket-driver@0.7.5 want: >=0.1.1
416 silly reify moves {}
417 silly audit bulk request {
417 silly audit   react: [ '19.2.4' ],
417 silly audit   typescript: [ '5.9.3' ],
417 silly audit   '@rondaplay/web': [ '0.1.0' ],
417 silly audit   '@alloc/quick-lru': [ '5.2.0' ],
417 silly audit   '@babel/code-frame': [ '7.29.7' ],
417 silly audit   '@babel/compat-data': [ '7.29.7' ],
417 silly audit   '@babel/core': [ '7.29.7' ],
417 silly audit   '@babel/generator': [ '7.29.7' ],
417 silly audit   '@babel/helper-compilation-targets': [ '7.29.7' ],
417 silly audit   resolve: [ '2.0.0-next.7' ],
417 silly audit   '@babel/helper-globals': [ '7.29.7' ],
417 silly audit   '@babel/helper-module-imports': [ '7.29.7' ],
417 silly audit   '@babel/helper-module-transforms': [ '7.29.7' ],
417 silly audit   '@babel/helper-string-parser': [ '7.29.7' ],
417 silly audit   '@babel/helper-validator-identifier': [ '7.29.7' ],
417 silly audit   '@babel/helper-validator-option': [ '7.29.7' ],
417 silly audit   '@babel/helpers': [ '7.29.7' ],
417 silly audit   '@babel/parser': [ '7.29.7' ],
417 silly audit   '@babel/template': [ '7.29.7' ],
417 silly audit   '@babel/traverse': [ '7.29.7' ],
417 silly audit   '@babel/types': [ '7.29.7' ],
417 silly audit   '@emnapi/core': [ '1.10.0' ],
417 silly audit   '@emnapi/runtime': [ '1.11.2', '1.10.0' ],
417 silly audit   '@emnapi/wasi-threads': [ '1.2.1' ],
417 silly audit   '@eslint-community/eslint-utils': [ '4.9.1' ],
417 silly audit   'eslint-visitor-keys': [ '3.4.3', '5.0.1', '4.2.1' ],
417 silly audit   '@eslint-community/regexpp': [ '4.12.2' ],
417 silly audit   '@eslint/config-array': [ '0.21.2' ],
417 silly audit   '@eslint/config-helpers': [ '0.4.2' ],
417 silly audit   '@eslint/core': [ '0.17.0' ],
417 silly audit   '@eslint/eslintrc': [ '3.3.6' ],
417 silly audit   '@eslint/js': [ '9.39.4' ],
417 silly audit   '@eslint/object-schema': [ '2.1.7' ],
417 silly audit   '@eslint/plugin-kit': [ '0.4.1' ],
417 silly audit   picomatch: [ '2.3.2', '4.0.5' ],
417 silly audit   'resolve-from': [ '4.0.0' ],
417 silly audit   semver: [ '7.8.5', '6.3.1' ],
417 silly audit   zod: [ '4.4.3' ],
417 silly audit   debug: [ '4.4.3', '3.2.7' ],
417 silly audit   'balanced-match': [ '4.0.4', '1.0.2' ],
417 silly audit   'brace-expansion': [ '5.0.7', '1.1.16' ],
417 silly audit   minimatch: [ '10.2.5', '3.1.5' ],
417 silly audit   'hermes-estree': [ '0.25.1' ],
417 silly audit   'hermes-parser': [ '0.25.1' ],
417 silly audit   '@humanfs/core': [ '0.19.2' ],
417 silly audit   '@humanfs/node': [ '0.16.8' ],
417 silly audit   '@humanfs/types': [ '0.15.0' ],
417 silly audit   '@humanwhocodes/module-importer': [ '1.0.1' ],
417 silly audit   '@humanwhocodes/retry': [ '0.4.3' ],
417 silly audit   '@img/colour': [ '1.1.0' ],
417 silly audit   '@img/sharp-darwin-arm64': [ '0.34.5' ],
417 silly audit   '@img/sharp-darwin-x64': [ '0.34.5' ],
417 silly audit   '@img/sharp-libvips-darwin-arm64': [ '1.2.4' ],
417 silly audit   '@img/sharp-libvips-darwin-x64': [ '1.2.4' ],
417 silly audit   '@img/sharp-libvips-linux-arm': [ '1.2.4' ],
417 silly audit   '@img/sharp-libvips-linux-arm64': [ '1.2.4' ],
417 silly audit   '@img/sharp-libvips-linux-ppc64': [ '1.2.4' ],
417 silly audit   '@img/sharp-libvips-linux-riscv64': [ '1.2.4' ],
417 silly audit   '@img/sharp-libvips-linux-s390x': [ '1.2.4' ],
417 silly audit   '@img/sharp-libvips-linux-x64': [ '1.2.4' ],
417 silly audit   '@img/sharp-libvips-linuxmusl-arm64': [ '1.2.4' ],
417 silly audit   '@img/sharp-libvips-linuxmusl-x64': [ '1.2.4' ],
417 silly audit   '@img/sharp-linux-arm': [ '0.34.5' ],
417 silly audit   '@img/sharp-linux-arm64': [ '0.34.5' ],
417 silly audit   '@img/sharp-linux-ppc64': [ '0.34.5' ],
417 silly audit   '@img/sharp-linux-riscv64': [ '0.34.5' ],
417 silly audit   '@img/sharp-linux-s390x': [ '0.34.5' ],
417 silly audit   '@img/sharp-linux-x64': [ '0.34.5' ],
417 silly audit   '@img/sharp-linuxmusl-arm64': [ '0.34.5' ],
417 silly audit   '@img/sharp-linuxmusl-x64': [ '0.34.5' ],
417 silly audit   '@img/sharp-wasm32': [ '0.34.5' ],
417 silly audit   '@img/sharp-win32-arm64': [ '0.34.5' ],
417 silly audit   '@img/sharp-win32-ia32': [ '0.34.5' ],
417 silly audit   '@img/sharp-win32-x64': [ '0.34.5' ],
417 silly audit   '@jridgewell/gen-mapping': [ '0.3.13' ],
417 silly audit   '@jridgewell/remapping': [ '2.3.5' ],
417 silly audit   '@jridgewell/resolve-uri': [ '3.1.2' ],
417 silly audit   '@jridgewell/sourcemap-codec': [ '1.5.5' ],
417 silly audit   '@jridgewell/trace-mapping': [ '0.3.31' ],
417 silly audit   '@napi-rs/wasm-runtime': [ '1.1.6' ],
417 silly audit   '@next/env': [ '16.2.10' ],
417 silly audit   '@next/eslint-plugin-next': [ '16.2.10' ],
417 silly audit   '@next/swc-darwin-arm64': [ '16.2.10' ],
417 silly audit   '@next/swc-darwin-x64': [ '16.2.10' ],
417 silly audit   '@next/swc-linux-arm64-gnu': [ '16.2.10' ],
417 silly audit   '@next/swc-linux-arm64-musl': [ '16.2.10' ],
417 silly audit   '@next/swc-linux-x64-gnu': [ '16.2.10' ],
417 silly audit   '@next/swc-linux-x64-musl': [ '16.2.10' ],
417 silly audit   '@next/swc-win32-arm64-msvc': [ '16.2.10' ],
417 silly audit   '@next/swc-win32-x64-msvc': [ '16.2.10' ],
417 silly audit   '@nodelib/fs.scandir': [ '2.1.5' ],
417 silly audit   '@nodelib/fs.stat': [ '2.0.5' ],
417 silly audit   '@nodelib/fs.walk': [ '1.2.8' ],
417 silly audit   '@nolyfill/is-core-module': [ '1.0.39' ],
417 silly audit   '@rtsao/scc': [ '1.1.0' ],
417 silly audit   '@swc/helpers': [ '0.5.15' ],
417 silly audit   '@tailwindcss/node': [ '4.3.2' ],
417 silly audit   '@tailwindcss/oxide': [ '4.3.2' ],
417 silly audit   '@tailwindcss/oxide-android-arm64': [ '4.3.2' ],
417 silly audit   '@tailwindcss/oxide-darwin-arm64': [ '4.3.2' ],
417 silly audit   '@tailwindcss/oxide-darwin-x64': [ '4.3.2' ],
417 silly audit   '@tailwindcss/oxide-freebsd-x64': [ '4.3.2' ],
417 silly audit   '@tailwindcss/oxide-linux-arm-gnueabihf': [ '4.3.2' ],
417 silly audit   '@tailwindcss/oxide-linux-arm64-gnu': [ '4.3.2' ],
417 silly audit   '@tailwindcss/oxide-linux-arm64-musl': [ '4.3.2' ],
417 silly audit   '@tailwindcss/oxide-linux-x64-gnu': [ '4.3.2' ],
417 silly audit   '@tailwindcss/oxide-linux-x64-musl': [ '4.3.2' ],
417 silly audit   '@tailwindcss/oxide-wasm32-wasi': [ '4.3.2' ],
417 silly audit   '@tailwindcss/oxide-win32-arm64-msvc': [ '4.3.2' ],
417 silly audit   '@tailwindcss/oxide-win32-x64-msvc': [ '4.3.2' ],
417 silly audit   '@tailwindcss/postcss': [ '4.3.2' ],
417 silly audit   '@tybys/wasm-util': [ '0.10.3' ],
417 silly audit   '@types/estree': [ '1.0.9' ],
417 silly audit   '@types/json-schema': [ '7.0.15' ],
417 silly audit   '@types/json5': [ '0.0.29' ],
417 silly audit   '@types/node': [ '20.19.43' ],
417 silly audit   '@types/react': [ '19.2.17' ],
417 silly audit   '@types/react-dom': [ '19.2.3' ],
417 silly audit   '@typescript-eslint/eslint-plugin': [ '8.63.0' ],
417 silly audit   ignore: [ '7.0.6', '5.3.2' ],
417 silly audit   '@typescript-eslint/parser': [ '8.63.0' ],
417 silly audit   '@typescript-eslint/project-service': [ '8.63.0' ],
417 silly audit   '@typescript-eslint/scope-manager': [ '8.63.0' ],
417 silly audit   '@typescript-eslint/tsconfig-utils': [ '8.63.0' ],
417 silly audit   '@typescript-eslint/type-utils': [ '8.63.0' ],
417 silly audit   '@typescript-eslint/types': [ '8.63.0' ],
417 silly audit   '@typescript-eslint/typescript-estree': [ '8.63.0' ],
417 silly audit   '@typescript-eslint/utils': [ '8.63.0' ],
417 silly audit   '@typescript-eslint/visitor-keys': [ '8.63.0' ],
417 silly audit   '@unrs/resolver-binding-android-arm-eabi': [ '1.12.2' ],
417 silly audit   '@unrs/resolver-binding-android-arm64': [ '1.12.2' ],
417 silly audit   '@unrs/resolver-binding-darwin-arm64': [ '1.12.2' ],
417 silly audit   '@unrs/resolver-binding-darwin-x64': [ '1.12.2' ],
417 silly audit   '@unrs/resolver-binding-freebsd-x64': [ '1.12.2' ],
417 silly audit   '@unrs/resolver-binding-linux-arm-gnueabihf': [ '1.12.2' ],
417 silly audit   '@unrs/resolver-binding-linux-arm-musleabihf': [ '1.12.2' ],
417 silly audit   '@unrs/resolver-binding-linux-arm64-gnu': [ '1.12.2' ],
417 silly audit   '@unrs/resolver-binding-linux-arm64-musl': [ '1.12.2' ],
417 silly audit   '@unrs/resolver-binding-linux-loong64-gnu': [ '1.12.2' ],
417 silly audit   '@unrs/resolver-binding-linux-loong64-musl': [ '1.12.2' ],
417 silly audit   '@unrs/resolver-binding-linux-ppc64-gnu': [ '1.12.2' ],
417 silly audit   '@unrs/resolver-binding-linux-riscv64-gnu': [ '1.12.2' ],
417 silly audit   '@unrs/resolver-binding-linux-riscv64-musl': [ '1.12.2' ],
417 silly audit   '@unrs/resolver-binding-linux-s390x-gnu': [ '1.12.2' ],
417 silly audit   '@unrs/resolver-binding-linux-x64-gnu': [ '1.12.2' ],
417 silly audit   '@unrs/resolver-binding-linux-x64-musl': [ '1.12.2' ],
417 silly audit   '@unrs/resolver-binding-openharmony-arm64': [ '1.12.2' ],
417 silly audit   '@unrs/resolver-binding-wasm32-wasi': [ '1.12.2' ],
417 silly audit   '@unrs/resolver-binding-win32-arm64-msvc': [ '1.12.2' ],
417 silly audit   '@unrs/resolver-binding-win32-ia32-msvc': [ '1.12.2' ],
417 silly audit   '@unrs/resolver-binding-win32-x64-msvc': [ '1.12.2' ],
417 silly audit   acorn: [ '8.17.0' ],
417 silly audit   'acorn-jsx': [ '5.3.2' ],
417 silly audit   ajv: [ '6.15.0' ],
417 silly audit   'ansi-regex': [ '5.0.1' ],
417 silly audit   'ansi-styles': [ '4.3.0' ],
417 silly audit   argparse: [ '2.0.1' ],
417 silly audit   'aria-query': [ '5.3.2' ],
417 silly audit   'array-buffer-byte-length': [ '1.0.2' ],
417 silly audit   'array-includes': [ '3.1.9' ],
417 silly audit   'array.prototype.findlast': [ '1.2.5' ],
417 silly audit   'array.prototype.findlastindex': [ '1.2.6' ],
417 silly audit   'array.prototype.flat': [ '1.3.3' ],
417 silly audit   'array.prototype.flatmap': [ '1.3.3' ],
417 silly audit   'array.prototype.tosorted': [ '1.1.4' ],
417 silly audit   'arraybuffer.prototype.slice': [ '1.0.4' ],
417 silly audit   'ast-types-flow': [ '0.0.8' ],
417 silly audit   'async-function': [ '1.0.0' ],
417 silly audit   'available-typed-arrays': [ '1.0.7' ],
417 silly audit   'axe-core': [ '4.12.1' ],
417 silly audit   'axobject-query': [ '4.1.0' ],
417 silly audit   'babel-plugin-react-compiler': [ '1.0.0' ],
417 silly audit   'baseline-browser-mapping': [ '2.10.42' ],
417 silly audit   braces: [ '3.0.3' ],
417 silly audit   browserslist: [ '4.28.5' ],
417 silly audit   'call-bind': [ '1.0.9' ],
417 silly audit   'call-bind-apply-helpers': [ '1.0.2' ],
417 silly audit   'call-bound': [ '1.0.4' ],
417 silly audit   callsites: [ '3.1.0' ],
417 silly audit   'caniuse-lite': [ '1.0.30001803' ],
417 silly audit   chalk: [ '4.1.2' ],
417 silly audit   'client-only': [ '0.0.1' ],
417 silly audit   cliui: [ '8.0.1' ],
417 silly audit   'strip-ansi': [ '6.0.1' ],
417 silly audit   'color-convert': [ '2.0.1' ],
417 silly audit   'color-name': [ '1.1.4' ],
417 silly audit   ms: [ '2.1.3' ],
417 silly audit   'concat-map': [ '0.0.1' ],
417 silly audit   'convert-source-map': [ '2.0.0' ],
417 silly audit   'cross-spawn': [ '7.0.6' ],
417 silly audit   csstype: [ '3.2.3' ],
417 silly audit   'damerau-levenshtein': [ '1.0.8' ],
417 silly audit   'data-view-buffer': [ '1.0.2' ],
417 silly audit   'data-view-byte-length': [ '1.0.2' ],
417 silly audit   'data-view-byte-offset': [ '1.0.1' ],
417 silly audit   'deep-is': [ '0.1.4' ],
417 silly audit   'define-data-property': [ '1.1.4' ],
417 silly audit   'define-properties': [ '1.2.1' ],
417 silly audit   'detect-libc': [ '2.1.2' ],
417 silly audit   doctrine: [ '2.1.0' ],
417 silly audit   'dunder-proto': [ '1.0.1' ],
417 silly audit   'electron-to-chromium': [ '1.5.389' ],
417 silly audit   'emoji-regex': [ '9.2.2', '8.0.0' ],
417 silly audit   'enhanced-resolve': [ '5.21.6' ],
417 silly audit   'es-abstract': [ '1.24.2' ],
417 silly audit   'es-abstract-get': [ '1.0.0' ],
417 silly audit   'es-define-property': [ '1.0.1' ],
417 silly audit   'es-errors': [ '1.3.0' ],
417 silly audit   'es-iterator-helpers': [ '1.4.0' ],
417 silly audit   'es-object-atoms': [ '1.1.2' ],
417 silly audit   'es-set-tostringtag': [ '2.1.0' ],
417 silly audit   'es-shim-unscopables': [ '1.1.0' ],
417 silly audit   'es-to-primitive': [ '1.3.4' ],
417 silly audit   escalade: [ '3.2.0' ],
417 silly audit   'escape-string-regexp': [ '4.0.0' ],
417 silly audit   eslint: [ '9.39.4' ],
417 silly audit   'eslint-config-next': [ '16.2.10' ],
417 silly audit   globals: [ '16.4.0', '14.0.0' ],
417 silly audit   'eslint-import-resolver-node': [ '0.3.10' ],
417 silly audit   'eslint-import-resolver-typescript': [ '3.10.1' ],
417 silly audit   'eslint-module-utils': [ '2.14.0' ],
417 silly audit   'eslint-plugin-import': [ '2.32.0' ],
417 silly audit   'eslint-plugin-jsx-a11y': [ '6.10.2' ],
417 silly audit   'eslint-plugin-react': [ '7.37.5' ],
417 silly audit   'eslint-plugin-react-hooks': [ '7.1.1' ],
417 silly audit   'eslint-scope': [ '8.4.0' ],
417 silly audit   espree: [ '10.4.0' ],
417 silly audit   esquery: [ '1.7.0' ],
417 silly audit   esrecurse: [ '4.3.0' ],
417 silly audit   estraverse: [ '5.3.0' ],
417 silly audit   esutils: [ '2.0.3' ],
417 silly audit   'fast-deep-equal': [ '3.1.3' ],
417 silly audit   'fast-glob': [ '3.3.1' ],
417 silly audit   'glob-parent': [ '5.1.2', '6.0.2' ],
417 silly audit   'fast-json-stable-stringify': [ '2.1.0' ],
417 silly audit   'fast-levenshtein': [ '2.0.6' ],
417 silly audit   fastq: [ '1.20.1' ],
417 silly audit   'file-entry-cache': [ '8.0.0' ],
417 silly audit   'fill-range': [ '7.1.1' ],
417 silly audit   'find-up': [ '5.0.0' ],
417 silly audit   'flat-cache': [ '4.0.1' ],
417 silly audit   flatted: [ '3.4.2' ],
417 silly audit   'for-each': [ '0.3.5' ],
417 silly audit   'framer-motion': [ '12.42.2' ],
417 silly audit   'function-bind': [ '1.1.2' ],
417 silly audit   'function.prototype.name': [ '1.2.0' ],
417 silly audit   'functions-have-names': [ '1.2.3' ],
417 silly audit   'generator-function': [ '2.0.1' ],
417 silly audit   gensync: [ '1.0.0-beta.2' ],
417 silly audit   'get-caller-file': [ '2.0.5' ],
417 silly audit   'get-intrinsic': [ '1.3.0' ],
417 silly audit   'get-proto': [ '1.0.1' ],
417 silly audit   'get-symbol-description': [ '1.1.0' ],
417 silly audit   'get-tsconfig': [ '4.14.0' ],
417 silly audit   globalthis: [ '1.0.4' ],
417 silly audit   gopd: [ '1.2.0' ],
417 silly audit   'graceful-fs': [ '4.2.11' ],
417 silly audit   'has-bigints': [ '1.1.0' ],
417 silly audit   'has-flag': [ '4.0.0' ],
417 silly audit   'has-property-descriptors': [ '1.0.2' ],
417 silly audit   'has-proto': [ '1.2.0' ],
417 silly audit   'has-symbols': [ '1.1.0' ],
417 silly audit   'has-tostringtag': [ '1.0.2' ],
417 silly audit   hasown: [ '2.0.4' ],
417 silly audit   'lru-cache': [ '5.1.1' ],
417 silly audit   'import-fresh': [ '3.3.1' ],
417 silly audit   imurmurhash: [ '0.1.4' ],
417 silly audit   'internal-slot': [ '1.1.0' ],
417 silly audit   'is-array-buffer': [ '3.0.5' ],
417 silly audit   'is-async-function': [ '2.1.1' ],
417 silly audit   'is-bigint': [ '1.1.0' ],
417 silly audit   'is-boolean-object': [ '1.2.2' ],
417 silly audit   'is-bun-module': [ '2.0.0' ],
417 silly audit   'is-callable': [ '1.2.7' ],
417 silly audit   'is-core-module': [ '2.16.2' ],
417 silly audit   'is-data-view': [ '1.0.2' ],
417 silly audit   'is-date-object': [ '1.1.0' ],
417 silly audit   'is-document.all': [ '1.0.0' ],
417 silly audit   'is-extglob': [ '2.1.1' ],
417 silly audit   'is-finalizationregistry': [ '1.1.1' ],
417 silly audit   'is-fullwidth-code-point': [ '3.0.0' ],
417 silly audit   'is-generator-function': [ '1.1.2' ],
417 silly audit   'is-glob': [ '4.0.3' ],
417 silly audit   'is-map': [ '2.0.3' ],
417 silly audit   'is-negative-zero': [ '2.0.3' ],
417 silly audit   'is-number': [ '7.0.0' ],
417 silly audit   'is-number-object': [ '1.1.1' ],
417 silly audit   'is-regex': [ '1.2.1' ],
417 silly audit   'is-set': [ '2.0.3' ],
417 silly audit   'is-shared-array-buffer': [ '1.0.4' ],
417 silly audit   'is-string': [ '1.1.1' ],
417 silly audit   'is-symbol': [ '1.1.1' ],
417 silly audit   'is-typed-array': [ '1.1.15' ],
417 silly audit   'is-weakmap': [ '2.0.2' ],
417 silly audit   'is-weakref': [ '1.1.1' ],
417 silly audit   'is-weakset': [ '2.0.4' ],
417 silly audit   isarray: [ '2.0.5' ],
417 silly audit   isexe: [ '2.0.0' ],
417 silly audit   'iterator.prototype': [ '1.1.5' ],
417 silly audit   'supports-color': [ '7.2.0' ],
417 silly audit   jiti: [ '2.7.0' ],
417 silly audit   'js-tokens': [ '4.0.0' ],
417 silly audit   'js-yaml': [ '4.3.0' ],
417 silly audit   jsesc: [ '3.1.0' ],
417 silly audit   'json-buffer': [ '3.0.1' ],
417 silly audit   'json-schema-traverse': [ '0.4.1' ],
417 silly audit   'json-stable-stringify-without-jsonify': [ '1.0.1' ],
417 silly audit   json5: [ '2.2.3', '1.0.2' ],
417 silly audit   'jsx-ast-utils': [ '3.3.5' ],
417 silly audit   keyv: [ '4.5.4' ],
417 silly audit   'language-subtag-registry': [ '0.3.23' ],
417 silly audit   'language-tags': [ '1.0.9' ],
417 silly audit   levn: [ '0.4.1' ],
417 silly audit   lightningcss: [ '1.32.0' ],
417 silly audit   'lightningcss-android-arm64': [ '1.32.0' ],
417 silly audit   'lightningcss-darwin-arm64': [ '1.32.0' ],
417 silly audit   'lightningcss-darwin-x64': [ '1.32.0' ],
417 silly audit   'lightningcss-freebsd-x64': [ '1.32.0' ],
417 silly audit   'lightningcss-linux-arm-gnueabihf': [ '1.32.0' ],
417 silly audit   'lightningcss-linux-arm64-gnu': [ '1.32.0' ],
417 silly audit   'lightningcss-linux-arm64-musl': [ '1.32.0' ],
417 silly audit   'lightningcss-linux-x64-gnu': [ '1.32.0' ],
417 silly audit   'lightningcss-linux-x64-musl': [ '1.32.0' ],
417 silly audit   'lightningcss-win32-arm64-msvc': [ '1.32.0' ],
417 silly audit   'lightningcss-win32-x64-msvc': [ '1.32.0' ],
417 silly audit   'locate-path': [ '6.0.0' ],
417 silly audit   'lodash.merge': [ '4.6.2' ],
417 silly audit   'loose-envify': [ '1.4.0' ],
417 silly audit   'lucide-react': [ '1.24.0' ],
417 silly audit   'magic-string': [ '0.30.21' ],
417 silly audit   'math-intrinsics': [ '1.1.0' ],
417 silly audit   merge2: [ '1.4.1' ],
417 silly audit   micromatch: [ '4.0.8' ],
417 silly audit   minimist: [ '1.2.8' ],
417 silly audit   'motion-dom': [ '12.42.2' ],
417 silly audit   'motion-utils': [ '12.39.0' ],
417 silly audit   nanoid: [ '3.3.15' ],
417 silly audit   'napi-postinstall': [ '0.3.4' ],
417 silly audit   'natural-compare': [ '1.4.0' ],
417 silly audit   next: [ '16.2.10' ],
417 silly audit   postcss: [ '8.4.31', '8.5.16' ],
417 silly audit   'node-exports-info': [ '1.6.2' ],
417 silly audit   'node-releases': [ '2.0.51' ],
417 silly audit   'object-assign': [ '4.1.1' ],
417 silly audit   'object-inspect': [ '1.13.4' ],
417 silly audit   'object-keys': [ '1.1.1' ],
417 silly audit   'object.assign': [ '4.1.7' ],
417 silly audit   'object.entries': [ '1.1.9' ],
417 silly audit   'object.fromentries': [ '2.0.8' ],
417 silly audit   'object.groupby': [ '1.0.3' ],
417 silly audit   'object.values': [ '1.2.1' ],
417 silly audit   optionator: [ '0.9.4' ],
417 silly audit   'own-keys': [ '1.0.1' ],
417 silly audit   'p-limit': [ '3.1.0' ],
417 silly audit   'p-locate': [ '5.0.0' ],
417 silly audit   'parent-module': [ '1.0.1' ],
417 silly audit   'path-exists': [ '4.0.0' ],
417 silly audit   'path-key': [ '3.1.1' ],
417 silly audit   'path-parse': [ '1.0.7' ],
417 silly audit   picocolors: [ '1.1.1' ],
417 silly audit   'possible-typed-array-names': [ '1.1.0' ],
417 silly audit   'prelude-ls': [ '1.2.1' ],
417 silly audit   'react-is': [ '16.13.1' ],
417 silly audit   'prop-types': [ '15.8.1' ],
417 silly audit   punycode: [ '2.3.1' ],
417 silly audit   'queue-microtask': [ '1.2.3' ],
417 silly audit   'react-dom': [ '19.2.4' ],
417 silly audit   'reflect.getprototypeof': [ '1.0.10' ],
417 silly audit   'regexp.prototype.flags': [ '1.5.4' ],
417 silly audit   'require-directory': [ '2.1.1' ],
417 silly audit   'resolve-pkg-maps': [ '1.0.0' ],
417 silly audit   reusify: [ '1.1.0' ],
417 silly audit   'run-parallel': [ '1.2.0' ],
417 silly audit   'safe-array-concat': [ '1.1.4' ],
417 silly audit   'safe-buffer': [ '5.2.1' ],
417 silly audit   'safe-push-apply': [ '1.0.0' ],
417 silly audit   'safe-regex-test': [ '1.1.0' ],
417 silly audit   scheduler: [ '0.27.0' ],
417 silly audit   'set-function-length': [ '1.2.2' ],
417 silly audit   'set-function-name': [ '2.0.2' ],
417 silly audit   'set-proto': [ '1.0.0' ],
417 silly audit   sharp: [ '0.34.5' ],
417 silly audit   'shebang-command': [ '2.0.0' ],
417 silly audit   'shebang-regex': [ '3.0.0' ],
417 silly audit   'side-channel': [ '1.1.1' ],
417 silly audit   'side-channel-list': [ '1.0.1' ],
417 silly audit   'side-channel-map': [ '1.0.1' ],
417 silly audit   'side-channel-weakmap': [ '1.0.2' ],
417 silly audit   'source-map-js': [ '1.2.1' ],
417 silly audit   'stable-hash': [ '0.0.5' ],
417 silly audit   'stop-iteration-iterator': [ '1.1.0' ],
417 silly audit   'string-width': [ '4.2.3' ],
417 silly audit   'string.prototype.includes': [ '2.0.1' ],
417 silly audit   'string.prototype.matchall': [ '4.0.12' ],
417 silly audit   'string.prototype.repeat': [ '1.0.0' ],
417 silly audit   'string.prototype.trim': [ '1.2.11' ],
417 silly audit   'string.prototype.trimend': [ '1.0.10' ],
417 silly audit   'string.prototype.trimstart': [ '1.0.8' ],
417 silly audit   'strip-bom': [ '3.0.0' ],
417 silly audit   'strip-json-comments': [ '3.1.1' ],
417 silly audit   'styled-jsx': [ '5.1.6' ],
417 silly audit   'supports-preserve-symlinks-flag': [ '1.0.0' ],
417 silly audit   tailwindcss: [ '4.3.2' ],
417 silly audit   tapable: [ '2.3.3' ],
417 silly audit   tinyglobby: [ '0.2.17' ],
417 silly audit   fdir: [ '6.5.0' ],
417 silly audit   'to-regex-range': [ '5.0.1' ],
417 silly audit   'ts-api-utils': [ '2.5.0' ],
417 silly audit   'tsconfig-paths': [ '3.15.0' ],
417 silly audit   tslib: [ '2.8.1' ],
417 silly audit   'type-check': [ '0.4.0' ],
417 silly audit   'typed-array-buffer': [ '1.0.3' ],
417 silly audit   'typed-array-byte-length': [ '1.0.3' ],
417 silly audit   'typed-array-byte-offset': [ '1.0.4' ],
417 silly audit   'typed-array-length': [ '1.0.8' ],
417 silly audit   'typescript-eslint': [ '8.63.0' ],
417 silly audit   'unbox-primitive': [ '1.1.0' ],
417 silly audit   'undici-types': [ '6.21.0' ],
417 silly audit   'unrs-resolver': [ '1.12.2' ],
417 silly audit   'update-browserslist-db': [ '1.2.3' ],
417 silly audit   'uri-js': [ '4.4.1' ],
417 silly audit   which: [ '2.0.2' ],
417 silly audit   'which-boxed-primitive': [ '1.1.1' ],
417 silly audit   'which-builtin-type': [ '1.2.1' ],
417 silly audit   'which-collection': [ '1.0.2' ],
417 silly audit   'which-typed-array': [ '1.1.22' ],
417 silly audit   'word-wrap': [ '1.2.5' ],
417 silly audit   'wrap-ansi': [ '7.0.0' ],
417 silly audit   y18n: [ '5.0.8' ],
417 silly audit   yallist: [ '3.1.1' ],
417 silly audit   yargs: [ '17.7.3' ],
417 silly audit   'yargs-parser': [ '21.1.1' ],
417 silly audit   'yocto-queue': [ '0.1.0' ],
417 silly audit   'zod-validation-error': [ '4.0.2' ],
417 silly audit   zustand: [ '5.0.14' ],
417 silly audit   firebase: [ '12.16.0' ],
417 silly audit   '@firebase/ai': [ '2.13.1' ],
417 silly audit   '@firebase/app': [ '0.15.1' ],
417 silly audit   '@firebase/app-types': [ '0.9.5' ],
417 silly audit   '@firebase/analytics': [ '0.10.22' ],
417 silly audit   '@firebase/analytics-compat': [ '0.2.28' ],
417 silly audit   '@firebase/app-compat': [ '0.5.15' ],
417 silly audit   '@firebase/app-check': [ '0.12.0' ],
417 silly audit   '@firebase/app-check-compat': [ '0.4.5' ],
417 silly audit   '@firebase/auth': [ '1.13.3' ],
417 silly audit   '@firebase/auth-compat': [ '0.6.8' ],
417 silly audit   '@firebase/data-connect': [ '0.7.1' ],
417 silly audit   '@firebase/database': [ '1.1.3' ],
417 silly audit   '@firebase/database-compat': [ '2.1.4' ],
417 silly audit   '@firebase/firestore': [ '4.16.0' ],
417 silly audit   '@firebase/firestore-compat': [ '0.4.11' ],
417 silly audit   '@firebase/functions': [ '0.13.5' ],
417 silly audit   '@firebase/functions-compat': [ '0.4.5' ],
417 silly audit   '@firebase/installations': [ '0.6.22' ],
417 silly audit   '@firebase/installations-compat': [ '0.2.22' ],
417 silly audit   '@firebase/messaging': [ '0.13.0' ],
417 silly audit   '@firebase/messaging-compat': [ '0.2.27' ],
417 silly audit   '@firebase/performance': [ '0.7.12' ],
417 silly audit   '@firebase/performance-compat': [ '0.2.25' ],
417 silly audit   '@firebase/remote-config': [ '0.9.0' ],
417 silly audit   '@firebase/remote-config-compat': [ '0.2.27' ],
417 silly audit   '@firebase/storage': [ '0.14.3' ],
417 silly audit   '@firebase/storage-compat': [ '0.4.3' ],
417 silly audit   '@firebase/util': [ '1.15.1' ],
417 silly audit   '@firebase/app-check-interop-types': [ '0.3.4' ],
417 silly audit   '@firebase/component': [ '0.7.3' ],
417 silly audit   '@firebase/logger': [ '0.5.1' ],
417 silly audit   '@firebase/analytics-types': [ '0.8.4' ],
417 silly audit   idb: [ '7.1.1' ],
417 silly audit   '@firebase/app-check-types': [ '0.5.4' ],
417 silly audit   '@firebase/auth-types': [ '0.13.1' ],
417 silly audit   '@firebase/auth-interop-types': [ '0.2.5' ],
417 silly audit   'faye-websocket': [ '0.11.4' ],
417 silly audit   '@firebase/database-types': [ '1.0.20' ],
417 silly audit   '@firebase/webchannel-wrapper': [ '1.0.6' ],
417 silly audit   '@grpc/grpc-js': [ '1.9.16' ],
417 silly audit   '@grpc/proto-loader': [ '0.7.15' ],
417 silly audit   re2js: [ '0.4.3' ],
417 silly audit   '@firebase/firestore-types': [ '3.0.4' ],
417 silly audit   '@firebase/messaging-interop-types': [ '0.2.5' ],
417 silly audit   '@firebase/functions-types': [ '0.6.4' ],
417 silly audit   '@firebase/installations-types': [ '0.5.4' ],
417 silly audit   'web-vitals': [ '4.2.4' ],
417 silly audit   '@firebase/performance-types': [ '0.2.4' ],
417 silly audit   '@firebase/remote-config-types': [ '0.5.1' ],
417 silly audit   '@firebase/storage-types': [ '0.8.4' ],
417 silly audit   'lodash.camelcase': [ '4.3.0' ],
417 silly audit   long: [ '5.3.2' ],
417 silly audit   protobufjs: [ '7.6.5' ],
417 silly audit   'websocket-driver': [ '0.7.5' ],
417 silly audit   '@protobufjs/aspromise': [ '1.1.2' ],
417 silly audit   '@protobufjs/base64': [ '1.1.2' ],
417 silly audit   '@protobufjs/codegen': [ '2.0.5' ],
417 silly audit   '@protobufjs/eventemitter': [ '1.1.1' ],
417 silly audit   '@protobufjs/fetch': [ '1.1.1' ],
417 silly audit   '@protobufjs/float': [ '1.0.2' ],
417 silly audit   '@protobufjs/path': [ '1.1.2' ],
417 silly audit   '@protobufjs/pool': [ '1.1.0' ],
417 silly audit   '@protobufjs/utf8': [ '1.1.2' ],
417 silly audit   'http-parser-js': [ '0.5.10' ],
417 silly audit   'websocket-extensions': [ '0.1.4' ]
417 silly audit }
418 http cache websocket-extensions@https://registry.npmjs.org/websocket-extensions/-/websocket-extensions-0.1.4.tgz 0ms (cache hit)
419 http cache @protobufjs/utf8@https://registry.npmjs.org/@protobufjs/utf8/-/utf8-1.1.2.tgz 0ms (cache hit)
420 http cache http-parser-js@https://registry.npmjs.org/http-parser-js/-/http-parser-js-0.5.10.tgz 0ms (cache hit)
421 http cache @protobufjs/pool@https://registry.npmjs.org/@protobufjs/pool/-/pool-1.1.0.tgz 0ms (cache hit)
422 http cache @protobufjs/path@https://registry.npmjs.org/@protobufjs/path/-/path-1.1.2.tgz 0ms (cache hit)
423 http cache @protobufjs/float@https://registry.npmjs.org/@protobufjs/float/-/float-1.0.2.tgz 0ms (cache hit)
424 http cache @protobufjs/eventemitter@https://registry.npmjs.org/@protobufjs/eventemitter/-/eventemitter-1.1.1.tgz 0ms (cache hit)
425 http cache @protobufjs/base64@https://registry.npmjs.org/@protobufjs/base64/-/base64-1.1.2.tgz 0ms (cache hit)
426 http cache @protobufjs/aspromise@https://registry.npmjs.org/@protobufjs/aspromise/-/aspromise-1.1.2.tgz 0ms (cache hit)
427 http cache @protobufjs/fetch@https://registry.npmjs.org/@protobufjs/fetch/-/fetch-1.1.1.tgz 0ms (cache hit)
428 http cache @protobufjs/codegen@https://registry.npmjs.org/@protobufjs/codegen/-/codegen-2.0.5.tgz 0ms (cache hit)
429 http cache protobufjs@https://registry.npmjs.org/protobufjs/-/protobufjs-7.6.5.tgz 0ms (cache hit)
430 http cache long@https://registry.npmjs.org/long/-/long-5.3.2.tgz 0ms (cache hit)
431 http cache lodash.camelcase@https://registry.npmjs.org/lodash.camelcase/-/lodash.camelcase-4.3.0.tgz 0ms (cache hit)
432 http cache @firebase/storage-types@https://registry.npmjs.org/@firebase/storage-types/-/storage-types-0.8.4.tgz 0ms (cache hit)
433 http cache @firebase/remote-config-types@https://registry.npmjs.org/@firebase/remote-config-types/-/remote-config-types-0.5.1.tgz 0ms (cache hit)
434 http cache web-vitals@https://registry.npmjs.org/web-vitals/-/web-vitals-4.2.4.tgz 0ms (cache hit)
435 http cache @firebase/performance-types@https://registry.npmjs.org/@firebase/performance-types/-/performance-types-0.2.4.tgz 0ms (cache hit)
436 http cache @firebase/installations-types@https://registry.npmjs.org/@firebase/installations-types/-/installations-types-0.5.4.tgz 0ms (cache hit)
437 http cache @firebase/functions-types@https://registry.npmjs.org/@firebase/functions-types/-/functions-types-0.6.4.tgz 0ms (cache hit)
438 http cache @firebase/firestore-types@https://registry.npmjs.org/@firebase/firestore-types/-/firestore-types-3.0.4.tgz 0ms (cache hit)
439 http cache @firebase/messaging-interop-types@https://registry.npmjs.org/@firebase/messaging-interop-types/-/messaging-interop-types-0.2.5.tgz 0ms (cache hit)
440 http cache re2js@https://registry.npmjs.org/re2js/-/re2js-0.4.3.tgz 0ms (cache hit)
441 http cache @grpc/grpc-js@https://registry.npmjs.org/@grpc/grpc-js/-/grpc-js-1.9.16.tgz 0ms (cache hit)
442 http cache @firebase/webchannel-wrapper@https://registry.npmjs.org/@firebase/webchannel-wrapper/-/webchannel-wrapper-1.0.6.tgz 0ms (cache hit)
443 http cache @grpc/proto-loader@https://registry.npmjs.org/@grpc/proto-loader/-/proto-loader-0.7.15.tgz 0ms (cache hit)
444 http cache faye-websocket@https://registry.npmjs.org/faye-websocket/-/faye-websocket-0.11.4.tgz 0ms (cache hit)
445 http cache @firebase/auth-types@https://registry.npmjs.org/@firebase/auth-types/-/auth-types-0.13.1.tgz 0ms (cache hit)
446 http cache idb@https://registry.npmjs.org/idb/-/idb-7.1.1.tgz 0ms (cache hit)
447 http cache @firebase/analytics-types@https://registry.npmjs.org/@firebase/analytics-types/-/analytics-types-0.8.4.tgz 0ms (cache hit)
448 http cache @firebase/database-types@https://registry.npmjs.org/@firebase/database-types/-/database-types-1.0.20.tgz 0ms (cache hit)
449 http cache @firebase/logger@https://registry.npmjs.org/@firebase/logger/-/logger-0.5.1.tgz 0ms (cache hit)
450 http cache @firebase/component@https://registry.npmjs.org/@firebase/component/-/component-0.7.3.tgz 0ms (cache hit)
451 http cache @firebase/app-check-interop-types@https://registry.npmjs.org/@firebase/app-check-interop-types/-/app-check-interop-types-0.3.4.tgz 0ms (cache hit)
452 http cache @firebase/auth-interop-types@https://registry.npmjs.org/@firebase/auth-interop-types/-/auth-interop-types-0.2.5.tgz 0ms (cache hit)
453 http cache @firebase/storage-compat@https://registry.npmjs.org/@firebase/storage-compat/-/storage-compat-0.4.3.tgz 0ms (cache hit)
454 http cache @firebase/storage@https://registry.npmjs.org/@firebase/storage/-/storage-0.14.3.tgz 0ms (cache hit)
455 http cache @firebase/remote-config@https://registry.npmjs.org/@firebase/remote-config/-/remote-config-0.9.0.tgz 0ms (cache hit)
456 http cache @firebase/remote-config-compat@https://registry.npmjs.org/@firebase/remote-config-compat/-/remote-config-compat-0.2.27.tgz 0ms (cache hit)
457 http cache @firebase/performance-compat@https://registry.npmjs.org/@firebase/performance-compat/-/performance-compat-0.2.25.tgz 0ms (cache hit)
458 http cache websocket-driver@https://registry.npmjs.org/websocket-driver/-/websocket-driver-0.7.5.tgz 0ms (cache hit)
459 http cache @firebase/performance@https://registry.npmjs.org/@firebase/performance/-/performance-0.7.12.tgz 0ms (cache hit)
460 http cache @firebase/messaging@https://registry.npmjs.org/@firebase/messaging/-/messaging-0.13.0.tgz 0ms (cache hit)
461 http cache @firebase/installations-compat@https://registry.npmjs.org/@firebase/installations-compat/-/installations-compat-0.2.22.tgz 0ms (cache hit)
462 http cache @firebase/installations@https://registry.npmjs.org/@firebase/installations/-/installations-0.6.22.tgz 0ms (cache hit)
463 http cache @firebase/app-check-types@https://registry.npmjs.org/@firebase/app-check-types/-/app-check-types-0.5.4.tgz 0ms (cache hit)
464 http cache @firebase/functions@https://registry.npmjs.org/@firebase/functions/-/functions-0.13.5.tgz 0ms (cache hit)
465 http cache @firebase/firestore-compat@https://registry.npmjs.org/@firebase/firestore-compat/-/firestore-compat-0.4.11.tgz 0ms (cache hit)
466 http cache @firebase/database@https://registry.npmjs.org/@firebase/database/-/database-1.1.3.tgz 0ms (cache hit)
467 http cache @firebase/database-compat@https://registry.npmjs.org/@firebase/database-compat/-/database-compat-2.1.4.tgz 0ms (cache hit)
468 http cache @firebase/firestore@https://registry.npmjs.org/@firebase/firestore/-/firestore-4.16.0.tgz 0ms (cache hit)
469 http cache @firebase/data-connect@https://registry.npmjs.org/@firebase/data-connect/-/data-connect-0.7.1.tgz 0ms (cache hit)
470 http cache @firebase/auth-compat@https://registry.npmjs.org/@firebase/auth-compat/-/auth-compat-0.6.8.tgz 0ms (cache hit)
471 http cache @firebase/auth@https://registry.npmjs.org/@firebase/auth/-/auth-1.13.3.tgz 0ms (cache hit)
472 http cache @firebase/app-check-compat@https://registry.npmjs.org/@firebase/app-check-compat/-/app-check-compat-0.4.5.tgz 0ms (cache hit)
473 http cache @firebase/app-check@https://registry.npmjs.org/@firebase/app-check/-/app-check-0.12.0.tgz 0ms (cache hit)
474 http cache @firebase/app-compat@https://registry.npmjs.org/@firebase/app-compat/-/app-compat-0.5.15.tgz 0ms (cache hit)
475 http cache @firebase/analytics-compat@https://registry.npmjs.org/@firebase/analytics-compat/-/analytics-compat-0.2.28.tgz 0ms (cache hit)
476 http cache @firebase/analytics@https://registry.npmjs.org/@firebase/analytics/-/analytics-0.10.22.tgz 0ms (cache hit)
477 http cache @firebase/util@https://registry.npmjs.org/@firebase/util/-/util-1.15.1.tgz 0ms (cache hit)
478 http cache @firebase/app-types@https://registry.npmjs.org/@firebase/app-types/-/app-types-0.9.5.tgz 0ms (cache hit)
479 http cache @firebase/ai@https://registry.npmjs.org/@firebase/ai/-/ai-2.13.1.tgz 0ms (cache hit)
480 http cache firebase@https://registry.npmjs.org/firebase/-/firebase-12.16.0.tgz 0ms (cache hit)
481 http cache yargs-parser@https://registry.npmjs.org/yargs-parser/-/yargs-parser-21.1.1.tgz 0ms (cache hit)
482 http cache yargs@https://registry.npmjs.org/yargs/-/yargs-17.7.3.tgz 0ms (cache hit)
483 http cache y18n@https://registry.npmjs.org/y18n/-/y18n-5.0.8.tgz 0ms (cache hit)
484 http cache string-width@https://registry.npmjs.org/string-width/-/string-width-4.2.3.tgz 0ms (cache hit)
485 http cache wrap-ansi@https://registry.npmjs.org/wrap-ansi/-/wrap-ansi-7.0.0.tgz 0ms (cache hit)
486 http cache safe-buffer@https://registry.npmjs.org/safe-buffer/-/safe-buffer-5.2.1.tgz 0ms (cache hit)
487 http cache require-directory@https://registry.npmjs.org/require-directory/-/require-directory-2.1.1.tgz 0ms (cache hit)
488 http cache is-fullwidth-code-point@https://registry.npmjs.org/is-fullwidth-code-point/-/is-fullwidth-code-point-3.0.0.tgz 0ms (cache hit)
489 http cache @firebase/functions-compat@https://registry.npmjs.org/@firebase/functions-compat/-/functions-compat-0.4.5.tgz 0ms (cache hit)
490 http cache @firebase/messaging-compat@https://registry.npmjs.org/@firebase/messaging-compat/-/messaging-compat-0.2.27.tgz 0ms (cache hit)
491 http cache get-caller-file@https://registry.npmjs.org/get-caller-file/-/get-caller-file-2.0.5.tgz 0ms (cache hit)
492 http cache cliui@https://registry.npmjs.org/cliui/-/cliui-8.0.1.tgz 0ms (cache hit)
493 http cache ansi-regex@https://registry.npmjs.org/ansi-regex/-/ansi-regex-5.0.1.tgz 0ms (cache hit)
494 http cache strip-ansi@https://registry.npmjs.org/strip-ansi/-/strip-ansi-6.0.1.tgz 0ms (cache hit)
495 http cache @firebase/app@https://registry.npmjs.org/@firebase/app/-/app-0.15.1.tgz 0ms (cache hit)
496 http cache strip-ansi@https://registry.npmjs.org/strip-ansi/-/strip-ansi-6.0.1.tgz 0ms (cache hit)
497 http cache emoji-regex@https://registry.npmjs.org/emoji-regex/-/emoji-regex-8.0.0.tgz 0ms (cache hit)
498 silly tarball no local data for websocket-extensions@https://registry.npmjs.org/websocket-extensions/-/websocket-extensions-0.1.4.tgz. Extracting by manifest.
499 silly tarball no local data for http-parser-js@https://registry.npmjs.org/http-parser-js/-/http-parser-js-0.5.10.tgz. Extracting by manifest.
500 http cache strip-ansi@https://registry.npmjs.org/strip-ansi/-/strip-ansi-6.0.1.tgz 0ms (cache hit)
501 silly tarball no local data for @firebase/storage-types@https://registry.npmjs.org/@firebase/storage-types/-/storage-types-0.8.4.tgz. Extracting by manifest.
502 silly tarball no local data for @firebase/remote-config-types@https://registry.npmjs.org/@firebase/remote-config-types/-/remote-config-types-0.5.1.tgz. Extracting by manifest.
503 silly tarball no local data for web-vitals@https://registry.npmjs.org/web-vitals/-/web-vitals-4.2.4.tgz. Extracting by manifest.
504 silly tarball no local data for @firebase/performance-types@https://registry.npmjs.org/@firebase/performance-types/-/performance-types-0.2.4.tgz. Extracting by manifest.
505 silly tarball no local data for @firebase/installations-types@https://registry.npmjs.org/@firebase/installations-types/-/installations-types-0.5.4.tgz. Extracting by manifest.
506 silly tarball no local data for @firebase/functions-types@https://registry.npmjs.org/@firebase/functions-types/-/functions-types-0.6.4.tgz. Extracting by manifest.
507 silly tarball no local data for @firebase/firestore-types@https://registry.npmjs.org/@firebase/firestore-types/-/firestore-types-3.0.4.tgz. Extracting by manifest.
508 silly tarball no local data for @firebase/messaging-interop-types@https://registry.npmjs.org/@firebase/messaging-interop-types/-/messaging-interop-types-0.2.5.tgz. Extracting by manifest.
509 silly tarball no local data for re2js@https://registry.npmjs.org/re2js/-/re2js-0.4.3.tgz. Extracting by manifest.
510 silly tarball no local data for @grpc/grpc-js@https://registry.npmjs.org/@grpc/grpc-js/-/grpc-js-1.9.16.tgz. Extracting by manifest.
511 silly tarball no local data for @firebase/webchannel-wrapper@https://registry.npmjs.org/@firebase/webchannel-wrapper/-/webchannel-wrapper-1.0.6.tgz. Extracting by manifest.
512 silly tarball no local data for @grpc/proto-loader@https://registry.npmjs.org/@grpc/proto-loader/-/proto-loader-0.7.15.tgz. Extracting by manifest.
513 silly tarball no local data for faye-websocket@https://registry.npmjs.org/faye-websocket/-/faye-websocket-0.11.4.tgz. Extracting by manifest.
514 silly tarball no local data for @firebase/auth-types@https://registry.npmjs.org/@firebase/auth-types/-/auth-types-0.13.1.tgz. Extracting by manifest.
515 silly tarball no local data for idb@https://registry.npmjs.org/idb/-/idb-7.1.1.tgz. Extracting by manifest.
516 silly tarball no local data for @firebase/analytics-types@https://registry.npmjs.org/@firebase/analytics-types/-/analytics-types-0.8.4.tgz. Extracting by manifest.
517 silly tarball no local data for @firebase/database-types@https://registry.npmjs.org/@firebase/database-types/-/database-types-1.0.20.tgz. Extracting by manifest.
518 silly tarball no local data for @firebase/component@https://registry.npmjs.org/@firebase/component/-/component-0.7.3.tgz. Extracting by manifest.
519 silly tarball no local data for @firebase/logger@https://registry.npmjs.org/@firebase/logger/-/logger-0.5.1.tgz. Extracting by manifest.
520 silly tarball no local data for @firebase/auth-interop-types@https://registry.npmjs.org/@firebase/auth-interop-types/-/auth-interop-types-0.2.5.tgz. Extracting by manifest.
521 silly tarball no local data for @firebase/app-check-interop-types@https://registry.npmjs.org/@firebase/app-check-interop-types/-/app-check-interop-types-0.3.4.tgz. Extracting by manifest.
522 silly tarball no local data for @firebase/storage-compat@https://registry.npmjs.org/@firebase/storage-compat/-/storage-compat-0.4.3.tgz. Extracting by manifest.
523 silly tarball no local data for @firebase/storage@https://registry.npmjs.org/@firebase/storage/-/storage-0.14.3.tgz. Extracting by manifest.
524 silly tarball no local data for @firebase/remote-config@https://registry.npmjs.org/@firebase/remote-config/-/remote-config-0.9.0.tgz. Extracting by manifest.
525 silly tarball no local data for @firebase/remote-config-compat@https://registry.npmjs.org/@firebase/remote-config-compat/-/remote-config-compat-0.2.27.tgz. Extracting by manifest.
526 silly tarball no local data for @firebase/performance-compat@https://registry.npmjs.org/@firebase/performance-compat/-/performance-compat-0.2.25.tgz. Extracting by manifest.
527 silly tarball no local data for websocket-driver@https://registry.npmjs.org/websocket-driver/-/websocket-driver-0.7.5.tgz. Extracting by manifest.
528 silly tarball no local data for @firebase/performance@https://registry.npmjs.org/@firebase/performance/-/performance-0.7.12.tgz. Extracting by manifest.
529 silly tarball no local data for @firebase/messaging@https://registry.npmjs.org/@firebase/messaging/-/messaging-0.13.0.tgz. Extracting by manifest.
530 silly tarball no local data for @firebase/installations-compat@https://registry.npmjs.org/@firebase/installations-compat/-/installations-compat-0.2.22.tgz. Extracting by manifest.
531 silly tarball no local data for @firebase/installations@https://registry.npmjs.org/@firebase/installations/-/installations-0.6.22.tgz. Extracting by manifest.
532 silly tarball no local data for @firebase/app-check-types@https://registry.npmjs.org/@firebase/app-check-types/-/app-check-types-0.5.4.tgz. Extracting by manifest.
533 silly tarball no local data for @firebase/functions@https://registry.npmjs.org/@firebase/functions/-/functions-0.13.5.tgz. Extracting by manifest.
534 silly tarball no local data for @firebase/firestore-compat@https://registry.npmjs.org/@firebase/firestore-compat/-/firestore-compat-0.4.11.tgz. Extracting by manifest.
535 silly tarball no local data for @firebase/database@https://registry.npmjs.org/@firebase/database/-/database-1.1.3.tgz. Extracting by manifest.
536 silly tarball no local data for @firebase/database-compat@https://registry.npmjs.org/@firebase/database-compat/-/database-compat-2.1.4.tgz. Extracting by manifest.
537 silly tarball no local data for @firebase/firestore@https://registry.npmjs.org/@firebase/firestore/-/firestore-4.16.0.tgz. Extracting by manifest.
538 silly tarball no local data for @firebase/data-connect@https://registry.npmjs.org/@firebase/data-connect/-/data-connect-0.7.1.tgz. Extracting by manifest.
539 silly tarball no local data for @firebase/auth-compat@https://registry.npmjs.org/@firebase/auth-compat/-/auth-compat-0.6.8.tgz. Extracting by manifest.
540 silly tarball no local data for @firebase/auth@https://registry.npmjs.org/@firebase/auth/-/auth-1.13.3.tgz. Extracting by manifest.
541 silly tarball no local data for @firebase/app-check-compat@https://registry.npmjs.org/@firebase/app-check-compat/-/app-check-compat-0.4.5.tgz. Extracting by manifest.
542 silly tarball no local data for @firebase/app-check@https://registry.npmjs.org/@firebase/app-check/-/app-check-0.12.0.tgz. Extracting by manifest.
543 silly tarball no local data for @firebase/app-compat@https://registry.npmjs.org/@firebase/app-compat/-/app-compat-0.5.15.tgz. Extracting by manifest.
544 silly tarball no local data for @firebase/analytics-compat@https://registry.npmjs.org/@firebase/analytics-compat/-/analytics-compat-0.2.28.tgz. Extracting by manifest.
545 silly tarball no local data for @firebase/analytics@https://registry.npmjs.org/@firebase/analytics/-/analytics-0.10.22.tgz. Extracting by manifest.
546 silly tarball no local data for @firebase/app-types@https://registry.npmjs.org/@firebase/app-types/-/app-types-0.9.5.tgz. Extracting by manifest.
547 silly tarball no local data for @firebase/ai@https://registry.npmjs.org/@firebase/ai/-/ai-2.13.1.tgz. Extracting by manifest.
548 silly tarball no local data for @firebase/util@https://registry.npmjs.org/@firebase/util/-/util-1.15.1.tgz. Extracting by manifest.
549 silly tarball no local data for firebase@https://registry.npmjs.org/firebase/-/firebase-12.16.0.tgz. Extracting by manifest.
550 silly tarball no local data for @firebase/functions-compat@https://registry.npmjs.org/@firebase/functions-compat/-/functions-compat-0.4.5.tgz. Extracting by manifest.
551 silly tarball no local data for @firebase/messaging-compat@https://registry.npmjs.org/@firebase/messaging-compat/-/messaging-compat-0.2.27.tgz. Extracting by manifest.
552 silly tarball no local data for @firebase/app@https://registry.npmjs.org/@firebase/app/-/app-0.15.1.tgz. Extracting by manifest.
553 http fetch GET 200 https://registry.npmjs.org/websocket-extensions/-/websocket-extensions-0.1.4.tgz 342ms (cache miss)
554 http fetch GET 200 https://registry.npmjs.org/http-parser-js/-/http-parser-js-0.5.10.tgz 335ms (cache miss)
555 http fetch POST 200 https://registry.npmjs.org/-/npm/v1/security/advisories/bulk 470ms
556 silly audit report {
556 silly audit report   postcss: [
556 silly audit report     {
556 silly audit report       id: 1117015,
556 silly audit report       url: 'https://github.com/advisories/GHSA-qx2v-qp2m-jg93',
556 silly audit report       title: 'PostCSS has XSS via Unescaped </style> in its CSS Stringify Output',
556 silly audit report       severity: 'moderate',
556 silly audit report       vulnerable_versions: '<8.5.10',
556 silly audit report       cwe: [Array],
556 silly audit report       cvss: [Object]
556 silly audit report     }
556 silly audit report   ]
556 silly audit report }
557 silly packumentCache corgi:https://registry.npmjs.org/postcss cache-miss
558 http fetch GET 200 https://registry.npmjs.org/@firebase/installations-types/-/installations-types-0.5.4.tgz 443ms (cache miss)
559 http fetch GET 200 https://registry.npmjs.org/@firebase/performance-types/-/performance-types-0.2.4.tgz 444ms (cache miss)
560 http fetch GET 200 https://registry.npmjs.org/@firebase/storage-types/-/storage-types-0.8.4.tgz 447ms (cache miss)
561 http fetch GET 200 https://registry.npmjs.org/@firebase/functions-types/-/functions-types-0.6.4.tgz 446ms (cache miss)
562 http fetch GET 200 https://registry.npmjs.org/@firebase/remote-config-types/-/remote-config-types-0.5.1.tgz 449ms (cache miss)
563 http cache https://registry.npmjs.org/postcss 38ms (cache hit)
564 silly packumentCache corgi:https://registry.npmjs.org/postcss set size:346711 disposed:false
565 silly packumentCache corgi:https://registry.npmjs.org/next cache-miss
566 http cache https://registry.npmjs.org/next 110ms (cache hit)
567 silly packumentCache corgi:https://registry.npmjs.org/next set size:25358914 disposed:false
568 http fetch GET 200 https://registry.npmjs.org/@firebase/messaging-interop-types/-/messaging-interop-types-0.2.5.tgz 1455ms (cache miss)
569 http fetch GET 200 https://registry.npmjs.org/faye-websocket/-/faye-websocket-0.11.4.tgz 1515ms (cache miss)
570 http fetch GET 200 https://registry.npmjs.org/idb/-/idb-7.1.1.tgz 1524ms (cache miss)
571 http fetch GET 200 https://registry.npmjs.org/@firebase/analytics-types/-/analytics-types-0.8.4.tgz 1525ms (cache miss)
572 http fetch GET 200 https://registry.npmjs.org/@firebase/logger/-/logger-0.5.1.tgz 1525ms (cache miss)
573 http fetch GET 200 https://registry.npmjs.org/@firebase/storage-compat/-/storage-compat-0.4.3.tgz 1522ms (cache miss)
574 http fetch GET 200 https://registry.npmjs.org/@firebase/auth-types/-/auth-types-0.13.1.tgz 1527ms (cache miss)
575 http fetch GET 200 https://registry.npmjs.org/@firebase/app-check-interop-types/-/app-check-interop-types-0.3.4.tgz 1524ms (cache miss)
576 http fetch GET 200 https://registry.npmjs.org/@firebase/database-types/-/database-types-1.0.20.tgz 1526ms (cache miss)
577 http fetch GET 200 https://registry.npmjs.org/@firebase/auth-interop-types/-/auth-interop-types-0.2.5.tgz 1526ms (cache miss)
578 http fetch GET 200 https://registry.npmjs.org/@firebase/firestore-types/-/firestore-types-3.0.4.tgz 1533ms (cache miss)
579 http fetch GET 200 https://registry.npmjs.org/@grpc/proto-loader/-/proto-loader-0.7.15.tgz 1635ms (cache miss)
580 http fetch GET 200 https://registry.npmjs.org/@firebase/performance-compat/-/performance-compat-0.2.25.tgz 1763ms (cache miss)
581 http fetch GET 200 https://registry.npmjs.org/@firebase/remote-config-compat/-/remote-config-compat-0.2.27.tgz 1771ms (cache miss)
582 http fetch GET 200 https://registry.npmjs.org/@firebase/installations-compat/-/installations-compat-0.2.22.tgz 1787ms (cache miss)
583 http fetch GET 200 https://registry.npmjs.org/@firebase/app-check-types/-/app-check-types-0.5.4.tgz 1784ms (cache miss)
584 http fetch GET 200 https://registry.npmjs.org/@firebase/app-check-compat/-/app-check-compat-0.4.5.tgz 1783ms (cache miss)
585 http fetch GET 200 https://registry.npmjs.org/@firebase/app-types/-/app-types-0.9.5.tgz 1792ms (cache miss)
586 http fetch GET 200 https://registry.npmjs.org/websocket-driver/-/websocket-driver-0.7.5.tgz 1840ms (cache miss)
587 http fetch GET 200 https://registry.npmjs.org/@firebase/component/-/component-0.7.3.tgz 1900ms (cache miss)
588 http fetch GET 200 https://registry.npmjs.org/@firebase/webchannel-wrapper/-/webchannel-wrapper-1.0.6.tgz 2043ms (cache miss)
589 http fetch GET 200 https://registry.npmjs.org/@firebase/analytics-compat/-/analytics-compat-0.2.28.tgz 2065ms (cache miss)
590 http fetch GET 200 https://registry.npmjs.org/@firebase/messaging-compat/-/messaging-compat-0.2.27.tgz 2065ms (cache miss)
591 http fetch GET 200 https://registry.npmjs.org/@firebase/functions-compat/-/functions-compat-0.4.5.tgz 2070ms (cache miss)
592 http fetch GET 200 https://registry.npmjs.org/@firebase/functions/-/functions-0.13.5.tgz 2754ms (cache miss)
593 http fetch GET 200 https://registry.npmjs.org/re2js/-/re2js-0.4.3.tgz 2873ms (cache miss)
594 http fetch GET 200 https://registry.npmjs.org/@firebase/analytics/-/analytics-0.10.22.tgz 2966ms (cache miss)
595 http fetch GET 200 https://registry.npmjs.org/@firebase/app-compat/-/app-compat-0.5.15.tgz 2970ms (cache miss)
596 http fetch GET 200 https://registry.npmjs.org/@firebase/remote-config/-/remote-config-0.9.0.tgz 3023ms (cache miss)
597 http fetch GET 200 https://registry.npmjs.org/@firebase/app/-/app-0.15.1.tgz 3220ms (cache miss)
598 http fetch GET 200 https://registry.npmjs.org/@firebase/performance/-/performance-0.7.12.tgz 3242ms (cache miss)
599 http fetch GET 200 https://registry.npmjs.org/@firebase/app-check/-/app-check-0.12.0.tgz 3274ms (cache miss)
600 http fetch GET 200 https://registry.npmjs.org/@firebase/installations/-/installations-0.6.22.tgz 3548ms (cache miss)
601 http fetch GET 200 https://registry.npmjs.org/@firebase/auth-compat/-/auth-compat-0.6.8.tgz 3666ms (cache miss)
602 http fetch GET 200 https://registry.npmjs.org/@firebase/firestore-compat/-/firestore-compat-0.4.11.tgz 3672ms (cache miss)
603 http fetch GET 200 https://registry.npmjs.org/@firebase/database-compat/-/database-compat-2.1.4.tgz 3696ms (cache miss)
604 http fetch GET 200 https://registry.npmjs.org/@firebase/util/-/util-1.15.1.tgz 3707ms (cache miss)
605 http fetch GET 200 https://registry.npmjs.org/web-vitals/-/web-vitals-4.2.4.tgz 3754ms (cache miss)
606 http fetch GET 200 https://registry.npmjs.org/@firebase/storage/-/storage-0.14.3.tgz 3790ms (cache miss)
607 http fetch GET 200 https://registry.npmjs.org/@firebase/data-connect/-/data-connect-0.7.1.tgz 3857ms (cache miss)
608 http fetch GET 200 https://registry.npmjs.org/@firebase/messaging/-/messaging-0.13.0.tgz 3893ms (cache miss)
609 http fetch GET 200 https://registry.npmjs.org/@firebase/ai/-/ai-2.13.1.tgz 3977ms (cache miss)
610 http fetch GET 200 https://registry.npmjs.org/@firebase/database/-/database-1.1.3.tgz 4861ms (cache miss)
611 http fetch GET 200 https://registry.npmjs.org/@grpc/grpc-js/-/grpc-js-1.9.16.tgz 6947ms (cache miss)
612 http fetch GET 200 https://registry.npmjs.org/@firebase/auth/-/auth-1.13.3.tgz 8104ms (cache miss)
613 http fetch GET 200 https://registry.npmjs.org/@firebase/firestore/-/firestore-4.16.0.tgz 9664ms (cache miss)
614 http fetch GET 200 https://registry.npmjs.org/firebase/-/firebase-12.16.0.tgz 10105ms (cache miss)
615 info run @firebase/util@1.15.1 postinstall node_modules/@firebase/util node ./postinstall.js
616 info run protobufjs@7.6.5 postinstall node_modules/protobufjs node scripts/postinstall
617 info run @firebase/util@1.15.1 postinstall { code: 0, signal: null }
618 info run protobufjs@7.6.5 postinstall { code: 0, signal: null }
619 silly ADD node_modules/websocket-extensions
620 silly ADD node_modules/http-parser-js
621 silly ADD node_modules/@protobufjs/utf8
622 silly ADD node_modules/@protobufjs/pool
623 silly ADD node_modules/@protobufjs/path
624 silly ADD node_modules/@protobufjs/float
625 silly ADD node_modules/@protobufjs/fetch
626 silly ADD node_modules/@protobufjs/eventemitter
627 silly ADD node_modules/@protobufjs/codegen
628 silly ADD node_modules/@protobufjs/base64
629 silly ADD node_modules/@protobufjs/aspromise
630 silly ADD node_modules/websocket-driver
631 silly ADD node_modules/protobufjs
632 silly ADD node_modules/long
633 silly ADD node_modules/lodash.camelcase
634 silly ADD node_modules/@firebase/storage-types
635 silly ADD node_modules/@firebase/remote-config-types
636 silly ADD node_modules/@firebase/performance-types
637 silly ADD node_modules/web-vitals
638 silly ADD node_modules/@firebase/installations-types
639 silly ADD node_modules/@firebase/functions-types
640 silly ADD node_modules/@firebase/messaging-interop-types
641 silly ADD node_modules/@firebase/firestore-types
642 silly ADD node_modules/re2js
643 silly ADD node_modules/@grpc/proto-loader
644 silly ADD node_modules/@grpc/grpc-js
645 silly ADD node_modules/@firebase/webchannel-wrapper
646 silly ADD node_modules/@firebase/database-types
647 silly ADD node_modules/faye-websocket
648 silly ADD node_modules/@firebase/auth-interop-types
649 silly ADD node_modules/@firebase/auth-types
650 silly ADD node_modules/@firebase/app-check-types
651 silly ADD node_modules/idb
652 silly ADD node_modules/@firebase/analytics-types
653 silly ADD node_modules/@firebase/logger
654 silly ADD node_modules/@firebase/component
655 silly ADD node_modules/@firebase/app-check-interop-types
656 silly ADD node_modules/@firebase/util
657 silly ADD node_modules/@firebase/storage-compat
658 silly ADD node_modules/@firebase/storage
659 silly ADD node_modules/@firebase/remote-config-compat
660 silly ADD node_modules/@firebase/remote-config
661 silly ADD node_modules/@firebase/performance-compat
662 silly ADD node_modules/@firebase/performance
663 silly ADD node_modules/@firebase/messaging-compat
664 silly ADD node_modules/@firebase/messaging
665 silly ADD node_modules/@firebase/installations-compat
666 silly ADD node_modules/@firebase/installations
667 silly ADD node_modules/@firebase/functions-compat
668 silly ADD node_modules/@firebase/functions
669 silly ADD node_modules/@firebase/firestore-compat
670 silly ADD node_modules/@firebase/firestore
671 silly ADD node_modules/@firebase/database-compat
672 silly ADD node_modules/@firebase/database
673 silly ADD node_modules/@firebase/data-connect
674 silly ADD node_modules/@firebase/auth-compat
675 silly ADD node_modules/@firebase/auth
676 silly ADD node_modules/@firebase/app-check-compat
677 silly ADD node_modules/@firebase/app-check
678 silly ADD node_modules/@firebase/app-compat
679 silly ADD node_modules/@firebase/analytics-compat
680 silly ADD node_modules/@firebase/analytics
681 silly ADD node_modules/@firebase/app-types
682 silly ADD node_modules/@firebase/app
683 silly ADD node_modules/@firebase/ai
684 silly ADD node_modules/firebase
685 silly ADD node_modules/yargs-parser
686 silly ADD node_modules/yargs
687 silly ADD node_modules/y18n
688 silly ADD node_modules/wrap-ansi
689 silly ADD node_modules/wrap-ansi/node_modules/strip-ansi
690 silly ADD node_modules/string-width
691 silly ADD node_modules/string-width/node_modules/strip-ansi
692 silly ADD node_modules/string-width/node_modules/emoji-regex
693 silly ADD node_modules/safe-buffer
694 silly ADD node_modules/require-directory
695 silly ADD node_modules/is-fullwidth-code-point
696 silly ADD node_modules/get-caller-file
697 silly ADD node_modules/cliui
698 silly ADD node_modules/cliui/node_modules/strip-ansi
699 silly ADD node_modules/ansi-regex
700 verbose cwd /Users/tomaszabo/Library/CloudStorage/OneDrive-Personal/RondaPlay
701 verbose os Darwin 25.5.0
702 verbose node v25.8.0
703 verbose npm  v11.11.0
704 verbose exit 0
705 info ok
