
> @rondaplay/web@0.1.0 build
> next build

▲ Next.js 16.2.10 (Turbopack)
- Environments: .env.local

  Creating an optimized production build ...
✓ Compiled successfully in 4.8s
  Running TypeScript ...
  Finished TypeScript in 3.9s ...
  Collecting page data using 9 workers ...
  Generating static pages using 9 workers (0/17) ...
  Generating static pages using 9 workers (4/17) 
  Generating static pages using 9 workers (8/17) 
  Generating static pages using 9 workers (12/17) 
✓ Generating static pages using 9 workers (17/17) in 337ms
  Finalizing page optimization ...

Route (app)
┌ ○ /
├ ○ /_not-found
├ ○ /admin
├ ○ /admin/games
├ ○ /admin/login
├ ○ /admin/moderation
├ ○ /admin/monetization
├ ○ /admin/pages
├ ƒ /admin/pages/[id]
├ ○ /admin/settings
├ ○ /admin/translations
├ ○ /admin/users
├ ○ /contact
├ ○ /game/imposter
├ ○ /icon.png
├ ○ /library
└ ƒ /pages/[slug]


○  (Static)   prerendered as static content
ƒ  (Dynamic)  server-rendered on demand

